{"meta": {"version": "7.3.2", "timestamp": "2025-08-12T00:18:35.204700", "branch_coverage": false, "show_contexts": false}, "files": {"src/__init__.py": {"executed_lines": [1, 5, 6], "summary": {"covered_lines": 2, "num_statements": 2, "percent_covered": 100.0, "percent_covered_display": "100", "missing_lines": 0, "excluded_lines": 0}, "missing_lines": [], "excluded_lines": []}, "src/analysis/__init__.py": {"executed_lines": [1, 6, 7, 8, 9, 11], "summary": {"covered_lines": 5, "num_statements": 5, "percent_covered": 100.0, "percent_covered_display": "100", "missing_lines": 0, "excluded_lines": 0}, "missing_lines": [], "excluded_lines": []}, "src/analysis/advanced_analytics.py": {"executed_lines": [3, 9, 10, 12, 17, 18, 20, 25, 26, 27, 28, 29, 31, 34, 35, 37, 42, 75, 105, 142, 202, 219, 235, 261, 271, 296, 320, 334, 354, 377, 392, 408, 424, 442], "summary": {"covered_lines": 33, "num_statements": 231, "percent_covered": 14.285714285714286, "percent_covered_display": "14", "missing_lines": 198, "excluded_lines": 0}, "missing_lines": [13, 14, 15, 21, 22, 23, 38, 39, 40, 44, 45, 46, 49, 52, 55, 58, 60, 71, 72, 73, 77, 78, 81, 84, 85, 86, 87, 88, 91, 92, 94, 101, 102, 103, 107, 108, 109, 112, 113, 115, 116, 117, 120, 123, 126, 128, 138, 139, 140, 144, 145, 148, 149, 159, 160, 170, 171, 181, 182, 191, 198, 199, 200, 204, 206, 207, 208, 209, 210, 213, 214, 215, 217, 221, 222, 224, 225, 226, 227, 228, 231, 232, 233, 237, 238, 240, 243, 245, 246, 247, 250, 252, 254, 255, 256, 257, 259, 263, 264, 266, 267, 269, 273, 275, 276, 277, 279, 280, 282, 283, 285, 286, 294, 298, 301, 302, 303, 305, 306, 307, 308, 309, 318, 322, 323, 325, 326, 328, 329, 330, 332, 336, 337, 339, 340, 342, 343, 345, 347, 348, 349, 350, 352, 357, 359, 360, 361, 363, 364, 365, 368, 369, 371, 379, 380, 383, 384, 385, 388, 390, 394, 395, 397, 399, 400, 401, 402, 403, 404, 406, 410, 411, 414, 416, 417, 418, 419, 421, 422, 426, 429, 431, 432, 434, 435, 437, 438, 440, 444, 445, 447, 450, 451, 454, 455, 457, 458, 460], "excluded_lines": []}, "src/analysis/analyzer.py": {"executed_lines": [1, 6, 8, 11, 12, 14, 19, 59], "summary": {"covered_lines": 6, "num_statements": 22, "percent_covered": 27.272727272727273, "percent_covered_display": "27", "missing_lines": 16, "excluded_lines": 0}, "missing_lines": [16, 17, 32, 33, 36, 53, 55, 56, 57, 69, 70, 73, 87, 89, 90, 91], "excluded_lines": []}, "src/analysis/components/__init__.py": {"executed_lines": [1, 8, 9, 10, 11, 12, 14], "summary": {"covered_lines": 6, "num_statements": 6, "percent_covered": 100.0, "percent_covered_display": "100", "missing_lines": 0, "excluded_lines": 0}, "missing_lines": [], "excluded_lines": []}, "src/analysis/components/data_loader.py": {"executed_lines": [1, 7, 9, 12, 13, 15, 36, 59, 69, 106, 146, 150, 154, 158, 162, 166, 170], "summary": {"covered_lines": 15, "num_statements": 94, "percent_covered": 15.957446808510639, "percent_covered_display": "16", "missing_lines": 79, "excluded_lines": 0}, "missing_lines": [23, 24, 25, 28, 29, 30, 31, 32, 33, 34, 46, 47, 48, 49, 50, 52, 53, 55, 56, 57, 61, 62, 63, 64, 65, 66, 67, 71, 73, 76, 77, 78, 79, 81, 84, 85, 86, 87, 90, 92, 93, 96, 97, 98, 99, 102, 104, 113, 114, 115, 117, 118, 119, 120, 121, 123, 125, 126, 127, 128, 130, 131, 132, 133, 135, 136, 137, 138, 140, 142, 143, 144, 148, 152, 156, 160, 164, 168, 172], "excluded_lines": []}, "src/analysis/components/path_tracer.py": {"executed_lines": [1, 7, 9, 11, 14, 15, 17, 27, 73, 102, 141, 197, 228, 263], "summary": {"covered_lines": 12, "num_statements": 121, "percent_covered": 9.917355371900827, "percent_covered_display": "10", "missing_lines": 109, "excluded_lines": 0}, "missing_lines": [24, 25, 39, 41, 42, 43, 50, 53, 56, 66, 67, 69, 70, 71, 75, 76, 78, 79, 80, 83, 84, 85, 86, 87, 92, 93, 96, 98, 99, 100, 104, 105, 106, 107, 109, 110, 112, 114, 115, 116, 118, 120, 123, 124, 127, 128, 129, 131, 132, 133, 135, 137, 138, 139, 143, 146, 147, 158, 159, 161, 162, 163, 164, 166, 167, 168, 169, 171, 173, 186, 195, 207, 208, 209, 211, 214, 215, 216, 217, 226, 242, 243, 244, 245, 248, 249, 252, 253, 254, 257, 258, 259, 261, 273, 274, 275, 277, 279, 280, 281, 283, 284, 291, 293, 294, 295, 296, 298, 300], "excluded_lines": []}, "src/analysis/components/policy_analyzer.py": {"executed_lines": [1, 7, 9, 12, 13, 15, 27, 81, 119, 141, 163, 187, 223, 263], "summary": {"covered_lines": 12, "num_statements": 100, "percent_covered": 12.0, "percent_covered_display": "12", "missing_lines": 88, "excluded_lines": 0}, "missing_lines": [23, 24, 25, 41, 42, 43, 49, 52, 53, 54, 57, 59, 68, 69, 72, 96, 98, 99, 102, 103, 106, 107, 110, 111, 113, 115, 116, 117, 121, 122, 123, 125, 126, 127, 128, 131, 132, 135, 136, 137, 139, 143, 144, 145, 147, 148, 149, 150, 153, 154, 157, 158, 159, 161, 165, 166, 167, 169, 170, 171, 172, 175, 176, 179, 180, 183, 185, 201, 202, 203, 205, 207, 208, 209, 221, 233, 234, 235, 237, 240, 242, 243, 244, 245, 261, 279, 280, 284], "excluded_lines": []}, "src/analysis/components/rule_validator.py": {"executed_lines": [1, 7, 9, 11, 14, 15, 17, 27, 57, 69, 80, 121, 128, 132, 140, 173, 192, 234, 241, 245], "summary": {"covered_lines": 18, "num_statements": 127, "percent_covered": 14.173228346456693, "percent_covered_display": "14", "missing_lines": 109, "excluded_lines": 0}, "missing_lines": [24, 25, 39, 40, 42, 43, 44, 45, 46, 48, 50, 51, 53, 54, 55, 59, 62, 63, 64, 65, 67, 71, 72, 74, 75, 76, 78, 92, 93, 94, 95, 98, 99, 100, 101, 104, 106, 107, 110, 111, 112, 115, 116, 117, 119, 123, 124, 125, 126, 130, 134, 135, 136, 137, 138, 153, 155, 156, 157, 160, 161, 162, 163, 164, 165, 167, 169, 170, 171, 175, 176, 179, 180, 181, 182, 183, 186, 187, 188, 189, 190, 205, 206, 207, 208, 211, 212, 213, 214, 217, 219, 220, 223, 224, 225, 228, 229, 230, 232, 236, 237, 238, 239, 243, 247, 248, 249, 250, 251], "excluded_lines": []}, "src/analysis/components/session_manager.py": {"executed_lines": [1, 7, 8, 10, 12, 15, 16, 18, 24, 52, 78, 82], "summary": {"covered_lines": 10, "num_statements": 38, "percent_covered": 26.31578947368421, "percent_covered_display": "26", "missing_lines": 28, "excluded_lines": 0}, "missing_lines": [20, 21, 22, 35, 36, 38, 49, 50, 62, 63, 64, 66, 69, 70, 71, 72, 75, 76, 80, 94, 95, 96, 99, 105, 108, 109, 111, 112], "excluded_lines": []}, "src/analysis/fixed_path_analyzer.py": {"executed_lines": [3, 8, 9, 12, 13, 15, 17, 26, 119, 139, 153, 192, 255, 318, 379], "summary": {"covered_lines": 14, "num_statements": 93, "percent_covered": 15.053763440860216, "percent_covered_display": "15", "missing_lines": 79, "excluded_lines": 0}, "missing_lines": [141, 142, 143, 144, 146, 147, 148, 149, 150, 151, 155, 156, 159, 161, 162, 163, 164, 167, 168, 169, 171, 172, 173, 175, 176, 177, 178, 179, 182, 183, 184, 187, 190, 194, 197, 198, 201, 202, 214, 220, 231, 232, 233, 234, 235, 236, 237, 238, 240, 241, 243, 253, 256, 257, 258, 260, 263, 266, 267, 268, 281, 284, 285, 316, 320, 322, 323, 335, 336, 337, 338, 339, 346, 348, 357, 358, 366, 367, 375], "excluded_lines": []}, "src/analysis/visualizer.py": {"executed_lines": [1, 3, 6, 7, 13, 19, 135, 183, 235, 242, 249, 256, 295], "summary": {"covered_lines": 12, "num_statements": 101, "percent_covered": 11.881188118811881, "percent_covered_display": "12", "missing_lines": 89, "excluded_lines": 0}, "missing_lines": [17, 29, 30, 31, 32, 35, 42, 43, 44, 47, 57, 66, 67, 70, 72, 73, 74, 75, 76, 79, 82, 83, 84, 85, 86, 88, 89, 99, 110, 113, 115, 117, 129, 131, 132, 133, 145, 146, 147, 148, 150, 152, 153, 154, 155, 156, 157, 158, 159, 161, 163, 175, 177, 179, 180, 181, 193, 194, 195, 196, 198, 200, 201, 202, 203, 205, 206, 209, 227, 229, 231, 232, 233, 237, 238, 240, 244, 245, 247, 251, 252, 254, 266, 267, 283, 285, 286, 287, 305], "excluded_lines": []}, "src/api/__init__.py": {"executed_lines": [1], "summary": {"covered_lines": 0, "num_statements": 0, "percent_covered": 100.0, "percent_covered_display": "100", "missing_lines": 0, "excluded_lines": 0}, "missing_lines": [], "excluded_lines": []}, "src/api/clients/__init__.py": {"executed_lines": [1], "summary": {"covered_lines": 0, "num_statements": 0, "percent_covered": 100.0, "percent_covered_display": "100", "missing_lines": 0, "excluded_lines": 0}, "missing_lines": [], "excluded_lines": []}, "src/api/clients/base_api_client.py": {"executed_lines": [2, 7, 8, 9, 10, 11, 13, 15, 16, 20, 21, 26, 32, 59, 60, 61, 62, 63, 64, 65, 66, 70, 73, 74, 88, 89, 90, 91, 92, 93, 96, 99, 109, 112, 113, 116, 119, 120, 121, 123, 126, 129, 131, 148, 151, 152, 155, 158, 159, 161, 163, 173, 182, 184, 185, 190, 192, 208, 214, 215, 216, 263, 283, 317, 340, 382, 417, 418, 420, 422, 423, 424, 427, 428, 429, 430, 433, 434, 436, 444, 448, 449, 450, 453, 454, 455, 457, 459, 462, 463, 466, 467, 469, 471, 478, 479, 481, 483, 485, 486, 487, 490, 491, 492, 507, 509, 520, 521, 524, 525, 528, 529, 532, 533], "summary": {"covered_lines": 108, "num_statements": 226, "percent_covered": 47.78761061946903, "percent_covered_display": "48", "missing_lines": 118, "excluded_lines": 1}, "missing_lines": [67, 75, 77, 79, 80, 81, 82, 83, 84, 85, 101, 102, 103, 104, 107, 141, 142, 145, 146, 219, 220, 223, 224, 227, 228, 229, 230, 231, 232, 233, 235, 237, 247, 248, 250, 253, 254, 256, 258, 260, 261, 273, 275, 276, 277, 278, 279, 281, 293, 294, 296, 297, 299, 300, 301, 303, 304, 305, 306, 307, 308, 309, 310, 312, 313, 315, 327, 328, 330, 331, 333, 334, 335, 336, 338, 348, 349, 350, 353, 354, 357, 358, 360, 362, 363, 364, 366, 371, 372, 374, 380, 390, 391, 394, 397, 399, 400, 401, 404, 405, 407, 409, 410, 411, 413, 414, 445, 446, 460, 493, 494, 497, 498, 499, 500, 502, 503, 504], "excluded_lines": [516]}, "src/api/clients/faz_client.py": {"executed_lines": [2, 7, 8, 9, 11, 13, 16, 17, 22, 75, 116, 158, 186, 211, 276, 315, 324, 340, 352, 367, 404, 416, 455], "summary": {"covered_lines": 22, "num_statements": 175, "percent_covered": 12.571428571428571, "percent_covered_display": "13", "missing_lines": 153, "excluded_lines": 0}, "missing_lines": [33, 36, 37, 38, 39, 42, 43, 46, 58, 59, 68, 70, 73, 96, 98, 101, 102, 103, 104, 107, 108, 111, 112, 114, 124, 125, 126, 129, 130, 131, 134, 141, 143, 145, 146, 147, 148, 149, 150, 152, 153, 155, 156, 165, 166, 169, 171, 173, 174, 175, 176, 177, 180, 181, 182, 183, 184, 194, 195, 197, 199, 201, 202, 203, 204, 205, 206, 208, 209, 226, 227, 228, 231, 240, 242, 243, 244, 245, 248, 249, 252, 253, 254, 255, 256, 257, 259, 260, 263, 264, 265, 267, 268, 270, 271, 273, 274, 287, 313, 322, 337, 338, 350, 363, 364, 374, 375, 376, 379, 380, 381, 384, 385, 387, 388, 391, 392, 396, 399, 400, 401, 411, 412, 413, 423, 424, 432, 433, 434, 435, 438, 439, 440, 449, 451, 452, 453, 465, 466, 468, 470, 471, 472, 473, 475, 477, 480, 481, 484, 487, 489, 490, 491], "excluded_lines": []}, "src/api/clients/fortigate_api_client.py": {"executed_lines": [2, 7, 8, 10, 12, 15, 16, 22, 23, 25, 48, 61, 62, 65, 67, 68, 70, 73, 76, 79, 82, 84, 86, 88, 90, 92, 94, 95, 96, 103, 107, 109, 111, 113, 116, 125, 132, 133, 134, 137, 138, 142, 143, 144, 145, 154, 183, 200, 217, 234, 255, 272, 279, 283, 284, 289, 310, 327, 344, 365, 387, 394, 396, 403, 411, 412, 413, 421, 424, 427, 429, 436, 476, 502, 526], "summary": {"covered_lines": 74, "num_statements": 184, "percent_covered": 40.21739130434783, "percent_covered_display": "40", "missing_lines": 110, "excluded_lines": 0}, "missing_lines": [69, 97, 98, 99, 100, 101, 105, 123, 135, 147, 148, 150, 151, 152, 161, 162, 163, 164, 166, 167, 171, 172, 173, 174, 176, 177, 179, 180, 181, 190, 194, 195, 197, 198, 207, 211, 212, 214, 215, 224, 228, 229, 231, 232, 241, 249, 250, 252, 253, 262, 266, 267, 269, 270, 286, 287, 296, 304, 305, 307, 308, 317, 321, 322, 324, 325, 334, 338, 339, 341, 342, 351, 359, 360, 362, 363, 372, 380, 381, 383, 384, 431, 432, 433, 448, 454, 462, 463, 464, 465, 471, 473, 474, 486, 494, 495, 496, 497, 499, 500, 512, 520, 521, 523, 524, 536, 544, 546, 548, 549], "excluded_lines": []}, "src/api/clients/fortimanager/__init__.py": {"executed_lines": [2, 7, 8, 9, 10, 12], "summary": {"covered_lines": 6, "num_statements": 6, "percent_covered": 100.0, "percent_covered_display": "100", "missing_lines": 0, "excluded_lines": 0}, "missing_lines": [], "excluded_lines": []}, "src/api/clients/fortimanager/advanced_features.py": {"executed_lines": [2, 7, 8, 9, 11, 14, 15, 17, 155, 183, 207, 240, 271], "summary": {"covered_lines": 12, "num_statements": 102, "percent_covered": 11.764705882352942, "percent_covered_display": "12", "missing_lines": 90, "excluded_lines": 0}, "missing_lines": [40, 42, 43, 44, 47, 48, 49, 50, 53, 54, 64, 77, 78, 80, 82, 83, 85, 88, 96, 97, 98, 112, 113, 115, 116, 124, 125, 126, 129, 130, 131, 132, 133, 134, 136, 138, 140, 142, 144, 145, 146, 157, 158, 160, 161, 162, 173, 179, 180, 181, 185, 186, 188, 189, 190, 200, 201, 203, 204, 205, 211, 213, 214, 215, 217, 219, 221, 222, 223, 230, 236, 237, 238, 242, 243, 245, 246, 247, 261, 267, 268, 269, 279, 280, 283, 284, 287, 288, 289, 293], "excluded_lines": []}, "src/api/clients/fortimanager/auth_connection.py": {"executed_lines": [2, 7, 8, 10, 13, 14, 16, 30, 32, 34, 37, 39, 47, 53, 87, 88, 89, 91, 138, 165, 180], "summary": {"covered_lines": 20, "num_statements": 85, "percent_covered": 23.529411764705884, "percent_covered_display": "24", "missing_lines": 65, "excluded_lines": 0}, "missing_lines": [18, 19, 21, 28, 36, 41, 60, 61, 62, 64, 65, 68, 69, 71, 72, 79, 80, 82, 93, 95, 102, 109, 110, 111, 112, 113, 123, 124, 129, 134, 135, 136, 140, 142, 144, 145, 151, 152, 153, 154, 156, 161, 162, 163, 167, 168, 169, 170, 176, 177, 178, 182, 183, 184, 186, 193, 200, 202, 203, 204, 206, 208, 213, 214, 215], "excluded_lines": []}, "src/api/clients/fortimanager/device_management.py": {"executed_lines": [2, 7, 8, 10, 13, 14, 16, 21, 45, 70, 98, 132, 167], "summary": {"covered_lines": 12, "num_statements": 72, "percent_covered": 16.666666666666668, "percent_covered_display": "17", "missing_lines": 60, "excluded_lines": 0}, "missing_lines": [18, 19, 23, 24, 25, 26, 27, 28, 29, 39, 40, 41, 42, 43, 47, 48, 49, 51, 52, 53, 65, 66, 67, 68, 72, 73, 79, 81, 82, 88, 94, 95, 96, 106, 107, 113, 115, 116, 122, 128, 129, 130, 136, 137, 143, 149, 150, 157, 163, 164, 165, 176, 177, 183, 189, 190, 196, 202, 203, 204], "excluded_lines": []}, "src/api/clients/fortimanager/policy_management.py": {"executed_lines": [2, 7, 8, 10, 13, 14, 16, 34, 71, 100, 134, 173, 212], "summary": {"covered_lines": 12, "num_statements": 79, "percent_covered": 15.189873417721518, "percent_covered_display": "15", "missing_lines": 67, "excluded_lines": 0}, "missing_lines": [18, 19, 21, 27, 28, 29, 30, 31, 32, 36, 37, 39, 45, 46, 47, 49, 50, 65, 66, 67, 68, 69, 73, 74, 76, 82, 83, 90, 96, 97, 98, 108, 109, 111, 117, 118, 124, 130, 131, 132, 142, 143, 149, 155, 156, 163, 169, 170, 171, 182, 183, 189, 195, 196, 202, 208, 209, 210, 216, 217, 219, 225, 226, 232, 238, 239, 240], "excluded_lines": []}, "src/api/clients/fortimanager_api_client.py": {"executed_lines": [2, 7, 9, 10, 12, 13, 16, 25, 30, 50, 53, 54, 57, 67, 68, 69, 70, 72, 121, 125, 133, 144, 146, 147, 148, 149], "summary": {"covered_lines": 25, "num_statements": 50, "percent_covered": 50.0, "percent_covered_display": "50", "missing_lines": 25, "excluded_lines": 0}, "missing_lines": [91, 93, 96, 97, 98, 99, 102, 109, 110, 112, 114, 115, 117, 118, 119, 123, 127, 128, 129, 131, 135, 150, 151, 152, 153], "excluded_lines": []}, "src/api/integration/__init__.py": {"executed_lines": [], "summary": {"covered_lines": 0, "num_statements": 0, "percent_covered": 100.0, "percent_covered_display": "100", "missing_lines": 0, "excluded_lines": 0}, "missing_lines": [], "excluded_lines": []}, "src/api/integration/api_data_collector.py": {"executed_lines": [], "summary": {"covered_lines": 0, "num_statements": 145, "percent_covered": 0.0, "percent_covered_display": "0", "missing_lines": 145, "excluded_lines": 0}, "missing_lines": [3, 8, 9, 10, 11, 12, 14, 15, 18, 19, 20, 22, 23, 24, 26, 28, 29, 30, 32, 33, 35, 36, 38, 40, 43, 46, 47, 48, 49, 50, 52, 54, 55, 56, 57, 58, 59, 60, 62, 65, 66, 67, 72, 73, 74, 77, 78, 79, 86, 87, 88, 90, 91, 93, 100, 101, 102, 103, 104, 105, 106, 109, 110, 111, 112, 113, 114, 115, 117, 119, 120, 122, 125, 126, 137, 139, 140, 141, 142, 143, 144, 145, 148, 149, 150, 151, 152, 153, 155, 157, 158, 159, 160, 163, 164, 165, 166, 167, 168, 180, 181, 182, 184, 186, 187, 189, 197, 198, 200, 201, 202, 203, 204, 207, 208, 209, 210, 212, 213, 215, 217, 219, 221, 222, 225, 240, 242, 243, 245, 247, 249, 251, 252, 253, 254, 255, 256, 257, 258, 260, 261, 263, 265, 267, 278], "excluded_lines": []}, "src/api/integration/api_integration.py": {"executed_lines": [], "summary": {"covered_lines": 0, "num_statements": 168, "percent_covered": 0.0, "percent_covered_display": "0", "missing_lines": 168, "excluded_lines": 0}, "missing_lines": [2, 7, 8, 9, 10, 12, 13, 14, 16, 19, 22, 23, 24, 25, 26, 27, 28, 29, 31, 34, 35, 38, 39, 40, 42, 44, 46, 47, 49, 52, 62, 64, 74, 75, 76, 77, 83, 84, 89, 91, 92, 93, 98, 100, 102, 103, 105, 107, 108, 109, 112, 113, 114, 116, 117, 118, 119, 121, 123, 125, 127, 128, 130, 132, 133, 134, 136, 146, 147, 148, 149, 154, 156, 157, 163, 164, 166, 168, 170, 180, 181, 182, 183, 185, 186, 187, 188, 189, 191, 192, 193, 199, 201, 202, 208, 209, 210, 216, 218, 221, 222, 223, 231, 232, 233, 234, 235, 236, 238, 241, 242, 243, 253, 255, 257, 259, 261, 263, 265, 267, 269, 270, 272, 273, 274, 275, 277, 279, 280, 281, 282, 284, 286, 287, 289, 290, 291, 298, 299, 300, 301, 302, 305, 306, 307, 308, 309, 310, 311, 313, 316, 317, 318, 319, 320, 323, 325, 326, 327, 329, 331, 333, 335, 338, 339, 340, 343, 345], "excluded_lines": []}, "src/api/integration/api_performance_monitor.py": {"executed_lines": [], "summary": {"covered_lines": 0, "num_statements": 278, "percent_covered": 0.0, "percent_covered_display": "0", "missing_lines": 278, "excluded_lines": 0}, "missing_lines": [2, 6, 7, 8, 9, 10, 12, 14, 15, 17, 20, 23, 25, 26, 27, 29, 37, 38, 39, 40, 43, 44, 45, 46, 47, 48, 50, 51, 54, 55, 57, 59, 61, 62, 69, 71, 72, 73, 79, 80, 81, 83, 93, 94, 95, 97, 98, 99, 103, 109, 110, 111, 113, 124, 125, 127, 140, 141, 144, 145, 146, 147, 150, 151, 153, 156, 157, 160, 162, 164, 165, 166, 168, 169, 171, 172, 173, 174, 177, 179, 198, 200, 201, 202, 204, 205, 206, 208, 209, 210, 211, 212, 213, 216, 217, 222, 224, 226, 235, 236, 245, 247, 249, 251, 252, 254, 255, 258, 259, 260, 270, 271, 283, 284, 285, 295, 296, 308, 309, 310, 321, 323, 325, 327, 328, 329, 330, 340, 341, 343, 345, 348, 349, 350, 351, 370, 371, 372, 373, 389, 391, 393, 394, 396, 398, 399, 400, 402, 404, 407, 415, 418, 420, 422, 424, 425, 427, 428, 429, 432, 435, 438, 440, 441, 442, 444, 446, 449, 452, 453, 454, 455, 456, 465, 466, 467, 468, 469, 479, 480, 489, 491, 494, 496, 497, 498, 499, 500, 502, 503, 505, 506, 508, 510, 512, 513, 515, 516, 518, 519, 521, 522, 523, 525, 527, 529, 530, 531, 533, 535, 537, 538, 540, 546, 547, 548, 549, 550, 551, 553, 555, 556, 557, 558, 559, 560, 561, 565, 568, 569, 570, 571, 572, 573, 575, 576, 577, 580, 581, 582, 584, 585, 587, 595, 597, 598, 599, 606, 608, 610, 614, 617, 620, 621, 622, 625, 627, 629, 630, 632, 633, 636, 638, 640, 641, 642, 643, 645, 652, 655, 656, 658, 659, 660, 662, 663, 664, 666], "excluded_lines": []}, "src/api/integration/dashboard_collector.py": {"executed_lines": [], "summary": {"covered_lines": 0, "num_statements": 203, "percent_covered": 0.0, "percent_covered_display": "0", "missing_lines": 203, "excluded_lines": 0}, "missing_lines": [2, 6, 7, 8, 9, 10, 12, 13, 15, 18, 19, 22, 23, 24, 25, 26, 27, 28, 29, 30, 31, 32, 33, 34, 37, 40, 41, 42, 43, 44, 46, 48, 51, 52, 53, 55, 57, 60, 61, 63, 64, 66, 67, 69, 71, 73, 74, 77, 78, 79, 81, 82, 83, 86, 87, 89, 91, 93, 94, 96, 97, 98, 101, 102, 103, 104, 106, 108, 109, 111, 112, 113, 116, 117, 118, 119, 120, 121, 122, 124, 126, 127, 129, 130, 131, 132, 135, 136, 139, 140, 141, 144, 145, 146, 147, 148, 150, 151, 152, 155, 156, 157, 160, 161, 162, 163, 164, 167, 168, 169, 171, 172, 173, 175, 176, 177, 178, 181, 182, 183, 186, 187, 188, 190, 191, 195, 196, 197, 198, 200, 202, 203, 205, 207, 208, 210, 212, 213, 215, 216, 217, 218, 220, 221, 222, 223, 224, 225, 226, 227, 229, 230, 232, 233, 235, 238, 239, 240, 241, 242, 245, 246, 247, 250, 251, 252, 253, 254, 255, 257, 258, 259, 261, 262, 263, 264, 265, 266, 269, 270, 271, 273, 274, 276, 278, 279, 281, 283, 285, 286, 288, 304, 306, 308, 324, 326, 328, 329, 331, 333, 334, 335, 339], "excluded_lines": []}, "src/automation/__init__.py": {"executed_lines": [], "summary": {"covered_lines": 0, "num_statements": 0, "percent_covered": 100.0, "percent_covered_display": "100", "missing_lines": 0, "excluded_lines": 0}, "missing_lines": [], "excluded_lines": []}, "src/automation/auto_recovery.py": {"executed_lines": [], "summary": {"covered_lines": 0, "num_statements": 382, "percent_covered": 0.0, "percent_covered_display": "0", "missing_lines": 382, "excluded_lines": 0}, "missing_lines": [2, 6, 7, 8, 9, 10, 11, 12, 13, 14, 16, 17, 19, 22, 25, 26, 27, 28, 29, 30, 31, 32, 33, 36, 39, 47, 49, 50, 51, 53, 54, 55, 56, 58, 60, 61, 62, 63, 65, 67, 68, 70, 72, 74, 76, 77, 79, 80, 82, 84, 86, 87, 88, 90, 92, 94, 104, 106, 115, 117, 119, 121, 122, 124, 127, 130, 132, 134, 135, 136, 138, 140, 142, 143, 144, 147, 148, 151, 154, 156, 159, 161, 162, 163, 165, 168, 170, 172, 173, 175, 184, 185, 186, 188, 190, 191, 193, 194, 196, 197, 199, 200, 202, 203, 205, 206, 208, 209, 211, 212, 215, 217, 219, 220, 222, 224, 225, 226, 227, 230, 231, 233, 235, 237, 238, 241, 248, 249, 250, 252, 253, 255, 256, 257, 259, 261, 262, 265, 272, 273, 276, 277, 279, 280, 282, 283, 284, 286, 288, 289, 291, 293, 294, 296, 298, 300, 302, 304, 306, 311, 312, 313, 315, 316, 318, 319, 320, 322, 324, 325, 328, 329, 330, 332, 333, 334, 335, 336, 339, 341, 343, 344, 345, 347, 349, 350, 353, 360, 361, 362, 364, 366, 367, 368, 370, 372, 373, 376, 377, 378, 381, 396, 398, 399, 400, 402, 404, 405, 408, 410, 411, 413, 414, 415, 417, 418, 420, 421, 422, 424, 426, 427, 428, 430, 431, 432, 433, 434, 436, 437, 438, 440, 442, 443, 444, 446, 448, 449, 451, 452, 453, 459, 460, 461, 463, 465, 467, 474, 476, 478, 479, 480, 481, 483, 485, 487, 488, 489, 490, 492, 494, 496, 497, 499, 501, 502, 503, 509, 510, 511, 513, 515, 516, 523, 524, 525, 526, 527, 529, 535, 537, 538, 540, 542, 543, 556, 557, 558, 561, 573, 575, 576, 577, 579, 581, 582, 583, 584, 585, 587, 589, 650, 651, 653, 655, 656, 657, 658, 661, 663, 664, 665, 667, 668, 669, 670, 671, 672, 673, 674, 675, 676, 678, 679, 680, 682, 683, 685, 687, 689, 690, 692, 693, 694, 696, 698, 700, 702, 703, 704, 705, 706, 707, 709, 711, 713, 714, 715, 717, 719, 721, 723, 724, 726, 727, 729, 731, 732, 733, 734, 736, 738, 739, 740, 741, 742, 743, 747, 750, 753, 754, 755, 758, 760, 762, 763, 764, 766, 767, 770, 787, 788], "excluded_lines": []}, "src/automation/engine.py": {"executed_lines": [], "summary": {"covered_lines": 0, "num_statements": 212, "percent_covered": 0.0, "percent_covered_display": "0", "missing_lines": 212, "excluded_lines": 0}, "missing_lines": [3, 8, 9, 10, 11, 12, 13, 15, 18, 21, 22, 23, 24, 25, 26, 29, 32, 33, 34, 35, 36, 39, 42, 43, 44, 45, 46, 47, 49, 51, 53, 61, 62, 64, 66, 68, 79, 80, 82, 84, 87, 95, 97, 98, 99, 100, 101, 102, 103, 104, 105, 106, 107, 108, 110, 113, 114, 115, 118, 119, 121, 123, 124, 127, 128, 129, 132, 133, 135, 137, 139, 141, 148, 151, 152, 155, 156, 159, 166, 172, 179, 180, 181, 183, 185, 187, 194, 195, 196, 201, 202, 206, 207, 210, 212, 213, 215, 216, 218, 220, 221, 222, 224, 226, 228, 235, 237, 238, 246, 247, 255, 256, 264, 265, 273, 274, 281, 283, 285, 286, 287, 289, 291, 293, 294, 296, 304, 306, 307, 318, 319, 330, 331, 339, 346, 349, 351, 352, 353, 355, 357, 359, 360, 362, 363, 364, 366, 368, 369, 370, 371, 373, 375, 376, 377, 378, 380, 382, 383, 384, 385, 388, 390, 392, 393, 394, 396, 398, 400, 406, 408, 409, 410, 413, 414, 415, 418, 419, 420, 423, 424, 425, 427, 429, 430, 431, 433, 436, 437, 438, 439, 440, 441, 443, 445, 447, 449, 450, 453, 454, 455, 457, 459, 461, 463, 465, 466, 467, 470, 471, 473, 474], "excluded_lines": []}, "src/config/__init__.py": {"executed_lines": [1, 12, 13, 16, 19], "summary": {"covered_lines": 4, "num_statements": 5, "percent_covered": 80.0, "percent_covered_display": "80", "missing_lines": 1, "excluded_lines": 0}, "missing_lines": [20], "excluded_lines": []}, "src/config/batch_defaults.py": {"executed_lines": [], "summary": {"covered_lines": 0, "num_statements": 2, "percent_covered": 0.0, "percent_covered_display": "0", "missing_lines": 2, "excluded_lines": 0}, "missing_lines": [6, 8], "excluded_lines": []}, "src/config/config_helper.py": {"executed_lines": [], "summary": {"covered_lines": 0, "num_statements": 59, "percent_covered": 0.0, "percent_covered_display": "0", "missing_lines": 59, "excluded_lines": 0}, "missing_lines": [2, 7, 8, 11, 13, 15, 18, 20, 22, 25, 27, 29, 32, 34, 36, 39, 41, 43, 46, 48, 50, 53, 55, 57, 60, 62, 64, 67, 69, 71, 74, 76, 77, 80, 82, 83, 84, 87, 89, 92, 94, 97, 99, 110, 112, 113, 116, 117, 118, 119, 120, 123, 124, 125, 126, 129, 130, 131, 133], "excluded_lines": []}, "src/config/config_migration.py": {"executed_lines": [], "summary": {"covered_lines": 0, "num_statements": 91, "percent_covered": 0.0, "percent_covered_display": "0", "missing_lines": 91, "excluded_lines": 0}, "missing_lines": [2, 7, 8, 9, 11, 14, 17, 18, 19, 20, 21, 22, 24, 26, 28, 30, 36, 37, 38, 39, 40, 42, 44, 46, 48, 51, 59, 60, 61, 62, 63, 64, 66, 68, 69, 70, 72, 74, 75, 76, 77, 78, 80, 82, 85, 93, 94, 96, 97, 98, 99, 100, 101, 102, 103, 104, 105, 107, 109, 111, 143, 145, 147, 150, 153, 154, 155, 158, 161, 163, 164, 165, 166, 167, 168, 169, 171, 174, 176, 178, 179, 180, 181, 183, 184, 187, 188, 189, 191, 194, 195], "excluded_lines": []}, "src/config/constants.py": {"executed_lines": [1, 6, 9, 20, 29, 37, 45, 53, 59, 66, 73, 80, 86, 95, 96, 103, 112, 119, 130], "summary": {"covered_lines": 18, "num_statements": 18, "percent_covered": 100.0, "percent_covered_display": "100", "missing_lines": 0, "excluded_lines": 0}, "missing_lines": [], "excluded_lines": []}, "src/config/dashboard_defaults.py": {"executed_lines": [], "summary": {"covered_lines": 0, "num_statements": 34, "percent_covered": 0.0, "percent_covered_display": "0", "missing_lines": 34, "excluded_lines": 0}, "missing_lines": [2, 6, 7, 10, 21, 32, 39, 72, 80, 92, 100, 108, 110, 122, 124, 125, 126, 127, 130, 132, 134, 135, 144, 145, 146, 149, 150, 152, 164, 166, 169, 171, 173, 175], "excluded_lines": []}, "src/config/device_defaults.py": {"executed_lines": [], "summary": {"covered_lines": 0, "num_statements": 29, "percent_covered": 0.0, "percent_covered_display": "0", "missing_lines": 29, "excluded_lines": 0}, "missing_lines": [2, 6, 7, 10, 44, 68, 83, 113, 157, 167, 177, 184, 194, 201, 208, 210, 225, 227, 237, 239, 242, 244, 245, 247, 248, 249, 250, 252, 269], "excluded_lines": []}, "src/config/env_defaults.py": {"executed_lines": [], "summary": {"covered_lines": 0, "num_statements": 75, "percent_covered": 0.0, "percent_covered_display": "0", "missing_lines": 75, "excluded_lines": 0}, "missing_lines": [5, 6, 9, 13, 26, 35, 47, 58, 70, 80, 86, 87, 89, 90, 91, 92, 93, 94, 95, 96, 97, 99, 100, 102, 103, 105, 106, 108, 109, 110, 111, 112, 114, 115, 117, 118, 120, 121, 123, 124, 125, 126, 128, 129, 130, 131, 133, 134, 135, 136, 138, 139, 140, 141, 146, 148, 149, 151, 152, 153, 154, 156, 157, 158, 159, 161, 162, 163, 164, 166, 167, 168, 170, 171, 173], "excluded_lines": []}, "src/config/limits.py": {"executed_lines": [], "summary": {"covered_lines": 0, "num_statements": 29, "percent_covered": 0.0, "percent_covered_display": "0", "missing_lines": 29, "excluded_lines": 0}, "missing_lines": [7, 8, 11, 25, 42, 57, 71, 85, 99, 114, 124, 134, 143, 153, 156, 166, 169, 179, 182, 192, 193, 194, 195, 196, 199, 211, 212, 213, 217], "excluded_lines": []}, "src/config/network.py": {"executed_lines": [], "summary": {"covered_lines": 0, "num_statements": 31, "percent_covered": 0.0, "percent_covered_display": "0", "missing_lines": 31, "excluded_lines": 0}, "missing_lines": [8, 9, 12, 24, 33, 40, 55, 64, 71, 81, 83, 84, 86, 87, 88, 89, 90, 91, 93, 94, 95, 98, 108, 110, 111, 112, 113, 114, 117, 127, 131], "excluded_lines": []}, "src/config/paths.py": {"executed_lines": [], "summary": {"covered_lines": 0, "num_statements": 78, "percent_covered": 0.0, "percent_covered_display": "0", "missing_lines": 78, "excluded_lines": 0}, "missing_lines": [8, 9, 10, 11, 15, 20, 21, 24, 25, 28, 43, 55, 68, 80, 81, 91, 100, 108, 118, 119, 122, 132, 133, 136, 147, 148, 151, 176, 179, 182, 183, 186, 187, 188, 191, 192, 193, 196, 198, 201, 224, 227, 228, 231, 232, 233, 236, 237, 238, 241, 244, 245, 246, 247, 248, 249, 251, 253, 254, 257, 267, 270, 281, 282, 284, 286, 287, 290, 291, 292, 296, 298, 299, 301, 302, 304, 305, 309], "excluded_lines": []}, "src/config/ports.py": {"executed_lines": [], "summary": {"covered_lines": 0, "num_statements": 27, "percent_covered": 0.0, "percent_covered_display": "0", "missing_lines": 27, "excluded_lines": 0}, "missing_lines": [7, 8, 11, 25, 40, 67, 99, 110, 113, 123, 126, 136, 139, 149, 152, 162, 165, 176, 177, 178, 179, 182, 183, 184, 185, 187, 191], "excluded_lines": []}, "src/config/result_defaults.py": {"executed_lines": [], "summary": {"covered_lines": 0, "num_statements": 2, "percent_covered": 0.0, "percent_covered_display": "0", "missing_lines": 2, "excluded_lines": 0}, "missing_lines": [6, 8], "excluded_lines": []}, "src/config/services.py": {"executed_lines": [1, 7, 8, 11, 25, 35, 60, 71, 79, 98, 111, 128, 141, 168, 175, 186], "summary": {"covered_lines": 15, "num_statements": 28, "percent_covered": 53.57142857142857, "percent_covered_display": "54", "missing_lines": 13, "excluded_lines": 0}, "missing_lines": [108, 122, 123, 124, 125, 135, 136, 137, 138, 149, 161, 162, 164], "excluded_lines": []}, "src/config/unified_settings.py": {"executed_lines": [2, 7, 8, 9, 10, 11, 13, 15, 18, 21, 22, 23, 25, 26, 27, 28, 29, 30, 31, 32, 35, 36, 37, 39, 40, 41, 42, 45, 46, 47, 49, 52, 53, 54, 56, 58, 59, 60, 63, 64, 65, 66, 67, 68, 71, 74, 76, 78, 80, 82, 85, 86, 87, 88, 90, 92, 94, 97, 98, 99, 100, 101, 102, 103, 106, 108, 110, 112, 115, 116, 117, 120, 124, 125, 126, 131, 133, 136, 139, 140, 142, 143, 145, 146, 149, 150, 153, 154, 156, 158, 159, 161, 164, 166, 168, 171, 175, 176, 177, 178, 180, 183, 188, 192, 210, 232, 239, 246, 250, 254, 262, 278, 298, 301, 302], "summary": {"covered_lines": 111, "num_statements": 164, "percent_covered": 67.6829268292683, "percent_covered_display": "68", "missing_lines": 53, "excluded_lines": 0}, "missing_lines": [113, 121, 128, 129, 134, 151, 160, 172, 179, 181, 184, 185, 186, 190, 194, 195, 197, 199, 200, 201, 204, 207, 208, 212, 214, 217, 226, 227, 229, 230, 234, 235, 237, 241, 242, 244, 248, 252, 256, 264, 280, 281, 282, 283, 284, 285, 286, 288, 289, 290, 291, 292, 294], "excluded_lines": []}, "src/core/__init__.py": {"executed_lines": [1, 3, 4, 5, 6, 8], "summary": {"covered_lines": 5, "num_statements": 5, "percent_covered": 100.0, "percent_covered_display": "100", "missing_lines": 0, "excluded_lines": 0}, "missing_lines": [], "excluded_lines": []}, "src/core/auth_manager.py": {"executed_lines": [3, 10, 11, 12, 13, 14, 15, 16, 19, 20, 22, 23, 24, 25, 26, 29, 30, 31, 33, 34, 35, 36, 37, 38, 39, 42, 43, 44, 46, 47, 48, 49, 50, 51, 52, 53, 54, 55, 58, 59, 64, 65, 66, 67, 69, 85, 109, 127, 150, 171, 197, 212, 230, 248, 272, 325, 343, 352, 361, 390, 402, 410, 418], "summary": {"covered_lines": 59, "num_statements": 168, "percent_covered": 35.11904761904762, "percent_covered_display": "35", "missing_lines": 109, "excluded_lines": 0}, "missing_lines": [81, 82, 83, 98, 99, 100, 101, 102, 103, 104, 105, 107, 119, 120, 121, 122, 124, 125, 137, 138, 139, 141, 142, 143, 144, 147, 148, 160, 161, 162, 164, 165, 167, 168, 169, 181, 182, 183, 185, 187, 188, 189, 190, 191, 192, 193, 195, 207, 208, 209, 210, 219, 221, 222, 223, 225, 226, 228, 236, 245, 246, 254, 257, 258, 260, 269, 270, 279, 281, 283, 284, 296, 298, 299, 300, 302, 303, 304, 306, 317, 318, 320, 321, 323, 331, 340, 341, 349, 350, 358, 359, 365, 367, 368, 369, 376, 384, 386, 387, 388, 394, 395, 397, 398, 400, 406, 407, 408, 414], "excluded_lines": []}, "src/core/base_client.py": {"executed_lines": [3, 11, 12, 15, 16, 18, 19, 20, 23, 26, 27, 29, 30, 31, 32, 35, 36, 37, 39, 40, 41, 42, 43, 44, 45, 48, 49, 54, 122, 143, 196, 212, 286, 354, 370, 397, 469, 495, 521, 542, 560, 565, 569, 578, 583, 588, 593], "summary": {"covered_lines": 44, "num_statements": 238, "percent_covered": 18.48739495798319, "percent_covered_display": "18", "missing_lines": 194, "excluded_lines": 0}, "missing_lines": [86, 87, 88, 89, 90, 91, 92, 93, 94, 97, 100, 101, 102, 105, 106, 107, 110, 113, 124, 126, 127, 128, 129, 130, 131, 132, 133, 134, 135, 136, 137, 138, 139, 140, 141, 150, 152, 153, 154, 155, 156, 157, 158, 160, 162, 170, 172, 173, 176, 177, 179, 180, 182, 184, 185, 187, 188, 189, 190, 191, 192, 193, 194, 203, 204, 205, 206, 207, 208, 209, 210, 237, 240, 241, 242, 245, 246, 247, 248, 249, 252, 253, 254, 260, 262, 263, 266, 268, 269, 270, 273, 276, 277, 278, 280, 282, 283, 284, 307, 308, 310, 311, 312, 314, 323, 333, 334, 335, 336, 337, 339, 341, 345, 346, 347, 348, 350, 352, 364, 365, 367, 368, 380, 387, 388, 389, 392, 393, 395, 408, 410, 411, 412, 413, 414, 415, 416, 417, 419, 428, 429, 431, 432, 435, 436, 437, 438, 439, 440, 441, 448, 450, 452, 460, 461, 481, 489, 490, 491, 493, 502, 503, 504, 506, 507, 508, 509, 511, 531, 532, 533, 534, 536, 537, 538, 539, 540, 549, 550, 551, 552, 553, 555, 562, 563, 567, 571, 572, 573, 574, 580, 585, 590, 595], "excluded_lines": []}, "src/core/cache_manager.py": {"executed_lines": [3, 10, 11, 12, 13, 14, 15, 16, 17, 18, 20, 23, 24, 26, 27, 28, 29, 32, 33, 34, 36, 37, 38, 39, 40, 41, 43, 49, 55, 61, 62, 64, 65, 68, 69, 72, 73, 76, 77, 80, 81, 84, 85, 88, 89, 93, 94, 96, 104, 105, 106, 107, 110, 119, 137, 155, 164, 176, 182, 188, 197, 204, 214, 224, 225, 227, 245, 247, 248, 249, 250, 251, 252, 253, 256, 258, 260, 262, 263, 265, 275, 276, 284, 288, 294, 318, 340, 356, 370, 387, 402, 431, 432, 437, 451, 454, 455, 458, 459, 460, 461, 462, 463, 464, 466, 493, 524, 547, 570, 592, 615, 629, 646, 677, 692], "summary": {"covered_lines": 109, "num_statements": 351, "percent_covered": 31.054131054131055, "percent_covered_display": "31", "missing_lines": 242, "excluded_lines": 0}, "missing_lines": [44, 45, 46, 47, 51, 52, 53, 57, 58, 121, 123, 124, 125, 126, 128, 129, 130, 131, 133, 134, 135, 139, 142, 143, 145, 146, 147, 149, 151, 152, 153, 157, 158, 159, 160, 161, 162, 166, 167, 168, 170, 171, 172, 174, 178, 179, 180, 184, 186, 190, 191, 192, 193, 195, 199, 200, 201, 202, 206, 207, 208, 209, 211, 212, 216, 217, 219, 220, 221, 277, 278, 279, 280, 281, 282, 286, 290, 291, 292, 296, 297, 298, 300, 301, 302, 304, 305, 306, 308, 309, 310, 312, 313, 314, 315, 316, 320, 321, 323, 324, 325, 327, 328, 330, 332, 333, 335, 336, 337, 338, 342, 343, 345, 346, 347, 348, 349, 351, 352, 353, 354, 358, 359, 361, 362, 363, 365, 366, 367, 368, 372, 373, 375, 376, 377, 378, 379, 380, 382, 383, 384, 385, 389, 390, 392, 393, 394, 395, 397, 398, 399, 400, 404, 405, 406, 407, 409, 416, 417, 418, 419, 425, 426, 428, 477, 479, 480, 481, 482, 484, 485, 486, 488, 489, 490, 491, 512, 513, 515, 516, 517, 518, 519, 520, 522, 535, 536, 538, 539, 540, 541, 542, 543, 545, 558, 559, 560, 561, 562, 563, 565, 566, 567, 568, 580, 581, 583, 584, 585, 586, 587, 588, 590, 603, 605, 606, 607, 608, 610, 611, 612, 613, 622, 624, 625, 627, 641, 643, 644, 658, 659, 661, 664, 665, 666, 669, 670, 671, 673, 675, 687, 688], "excluded_lines": []}, "src/core/config_manager.py": {"executed_lines": [3, 10, 11, 12, 13, 14, 15, 17, 20, 21, 23, 24, 25, 26, 29, 30, 31, 33, 34, 35, 36, 37, 40, 41, 42, 45, 46, 47, 48, 51, 52, 53, 54, 57, 60, 61, 62, 63, 64, 67, 68, 69, 72, 73, 74, 77, 78, 79, 82, 83, 86, 87, 93, 94, 95, 98, 99, 102, 103, 104, 105, 106, 109, 110, 115, 122, 123, 124, 125, 126, 129, 132, 134, 137, 140, 147, 148, 149, 162, 163, 173, 180, 182, 184, 188, 191, 192, 193, 194, 195, 203, 205, 215, 216, 224, 231, 234, 262, 263, 264, 265, 266, 267, 268, 269, 275, 277, 290, 308, 316, 317, 320, 322, 330, 333, 334, 335, 336, 338, 340, 361, 385, 397, 406, 433, 468, 469, 480, 496, 538, 547, 559, 577, 592, 601, 629], "summary": {"covered_lines": 132, "num_statements": 234, "percent_covered": 56.41025641025641, "percent_covered_display": "56", "missing_lines": 102, "excluded_lines": 0}, "missing_lines": [150, 151, 159, 164, 196, 197, 198, 200, 217, 218, 219, 220, 222, 271, 272, 273, 287, 288, 300, 301, 303, 304, 305, 306, 318, 351, 352, 354, 355, 356, 357, 358, 359, 369, 370, 373, 374, 375, 376, 379, 382, 383, 395, 404, 414, 415, 416, 417, 418, 419, 421, 422, 428, 429, 431, 440, 443, 444, 445, 448, 449, 451, 452, 455, 456, 457, 458, 459, 462, 463, 464, 466, 476, 477, 478, 487, 503, 525, 526, 534, 536, 545, 554, 555, 556, 557, 566, 588, 589, 590, 599, 611, 613, 614, 615, 616, 619, 620, 621, 623, 624, 625], "excluded_lines": []}, "src/core/connection_pool.py": {"executed_lines": [2, 7, 8, 9, 11, 12, 13, 15, 17, 20, 21, 26, 27, 29, 30, 31, 32, 33, 34, 36, 37, 38, 39, 40, 41, 42, 43, 44, 46, 48, 71, 72, 73, 74, 81, 83, 85, 96, 99, 115, 122, 123, 126, 134, 136, 150, 160, 192, 201], "summary": {"covered_lines": 48, "num_statements": 71, "percent_covered": 67.6056338028169, "percent_covered_display": "68", "missing_lines": 23, "excluded_lines": 0}, "missing_lines": [143, 144, 145, 146, 147, 148, 154, 155, 156, 157, 158, 167, 168, 169, 170, 171, 183, 188, 190, 194, 195, 196, 197], "excluded_lines": []}, "src/fortimanager/__init__.py": {"executed_lines": [], "summary": {"covered_lines": 0, "num_statements": 0, "percent_covered": 100.0, "percent_covered_display": "100", "missing_lines": 0, "excluded_lines": 0}, "missing_lines": [], "excluded_lines": []}, "src/fortimanager/advanced_hub.py": {"executed_lines": [], "summary": {"covered_lines": 0, "num_statements": 159, "percent_covered": 0.0, "percent_covered_display": "0", "missing_lines": 159, "excluded_lines": 0}, "missing_lines": [2, 7, 8, 9, 11, 13, 14, 15, 16, 18, 21, 27, 35, 38, 39, 40, 41, 44, 51, 53, 57, 63, 65, 66, 67, 68, 69, 72, 73, 74, 77, 78, 82, 85, 86, 87, 91, 94, 95, 96, 98, 99, 100, 101, 103, 106, 114, 116, 118, 120, 122, 124, 126, 129, 133, 135, 137, 139, 141, 143, 145, 148, 150, 152, 154, 156, 158, 160, 162, 164, 166, 169, 171, 173, 175, 177, 179, 181, 185, 186, 188, 190, 192, 194, 197, 200, 208, 210, 218, 219, 220, 223, 224, 227, 228, 231, 232, 234, 235, 236, 238, 240, 243, 249, 250, 252, 255, 258, 259, 260, 261, 269, 271, 272, 280, 281, 283, 285, 286, 287, 288, 295, 296, 297, 299, 301, 305, 312, 313, 316, 317, 320, 328, 331, 337, 338, 339, 340, 342, 345, 346, 349, 355, 358, 393, 396, 397, 398, 404, 406, 409, 410, 411, 419, 421, 424, 425, 426, 436], "excluded_lines": []}, "src/fortimanager/analytics/__init__.py": {"executed_lines": [], "summary": {"covered_lines": 0, "num_statements": 7, "percent_covered": 0.0, "percent_covered_display": "0", "missing_lines": 7, "excluded_lines": 0}, "missing_lines": [2, 7, 8, 9, 10, 11, 13], "excluded_lines": []}, "src/fortimanager/analytics/calculations.py": {"executed_lines": [], "summary": {"covered_lines": 0, "num_statements": 113, "percent_covered": 0.0, "percent_covered_display": "0", "missing_lines": 113, "excluded_lines": 0}, "missing_lines": [2, 7, 8, 11, 12, 14, 15, 16, 17, 19, 22, 25, 27, 29, 30, 32, 41, 42, 50, 51, 52, 59, 60, 61, 62, 70, 72, 74, 75, 77, 78, 80, 81, 82, 84, 86, 87, 88, 89, 91, 93, 99, 101, 103, 104, 107, 109, 111, 112, 114, 115, 116, 118, 119, 120, 121, 123, 124, 134, 136, 138, 140, 141, 142, 144, 145, 149, 150, 152, 153, 162, 164, 166, 168, 169, 171, 173, 174, 175, 176, 177, 178, 179, 180, 181, 182, 184, 186, 188, 190, 191, 193, 194, 196, 197, 199, 200, 201, 203, 204, 206, 207, 209, 211, 212, 214, 215, 216, 218, 219, 221, 222, 224], "excluded_lines": []}, "src/fortimanager/analytics/engine.py": {"executed_lines": [], "summary": {"covered_lines": 0, "num_statements": 105, "percent_covered": 0.0, "percent_covered_display": "0", "missing_lines": 105, "excluded_lines": 0}, "missing_lines": [2, 7, 8, 9, 10, 12, 14, 15, 16, 17, 19, 22, 25, 26, 27, 28, 29, 30, 31, 34, 35, 36, 39, 40, 42, 45, 58, 74, 89, 104, 119, 133, 136, 152, 173, 192, 194, 196, 198, 200, 202, 204, 206, 207, 208, 211, 214, 226, 228, 230, 232, 233, 236, 237, 238, 248, 251, 252, 253, 254, 264, 267, 268, 269, 279, 281, 283, 293, 301, 302, 303, 304, 310, 312, 318, 323, 325, 326, 328, 329, 330, 331, 332, 333, 335, 337, 339, 340, 341, 343, 344, 345, 346, 347, 348, 350, 352, 354, 355, 357, 358, 359, 361, 362, 364], "excluded_lines": []}, "src/fortimanager/analytics/models.py": {"executed_lines": [], "summary": {"covered_lines": 0, "num_statements": 50, "percent_covered": 0.0, "percent_covered_display": "0", "missing_lines": 50, "excluded_lines": 0}, "missing_lines": [2, 7, 8, 9, 10, 13, 16, 17, 18, 19, 22, 25, 26, 27, 28, 29, 32, 33, 36, 37, 38, 39, 40, 41, 42, 43, 44, 45, 48, 49, 52, 53, 54, 55, 56, 57, 58, 59, 62, 63, 66, 67, 68, 69, 70, 71, 72, 73, 74, 75], "excluded_lines": []}, "src/fortimanager/analytics/predictive.py": {"executed_lines": [], "summary": {"covered_lines": 0, "num_statements": 81, "percent_covered": 0.0, "percent_covered_display": "0", "missing_lines": 81, "excluded_lines": 0}, "missing_lines": [2, 7, 8, 9, 11, 13, 16, 19, 20, 22, 24, 26, 28, 32, 33, 35, 37, 39, 40, 41, 43, 46, 47, 48, 49, 50, 51, 53, 55, 57, 59, 60, 62, 68, 70, 72, 73, 76, 78, 79, 82, 83, 86, 87, 88, 89, 97, 104, 106, 107, 110, 111, 112, 113, 121, 128, 130, 131, 133, 135, 136, 138, 147, 149, 152, 163, 165, 166, 168, 170, 172, 181, 183, 185, 187, 188, 190, 191, 193, 194, 196], "excluded_lines": []}, "src/fortimanager/analytics/reports.py": {"executed_lines": [], "summary": {"covered_lines": 0, "num_statements": 71, "percent_covered": 0.0, "percent_covered_display": "0", "missing_lines": 71, "excluded_lines": 0}, "missing_lines": [2, 7, 8, 9, 10, 12, 14, 17, 20, 21, 22, 24, 27, 53, 83, 105, 112, 113, 115, 118, 130, 131, 137, 140, 141, 142, 143, 144, 145, 146, 147, 149, 151, 153, 168, 170, 171, 172, 175, 177, 179, 180, 181, 184, 186, 188, 190, 192, 214, 215, 216, 217, 218, 221, 223, 229, 232, 233, 235, 237, 239, 240, 241, 242, 248, 250, 252, 254, 255, 257, 259], "excluded_lines": []}, "src/fortimanager/compliance_checker.py": {"executed_lines": [], "summary": {"covered_lines": 0, "num_statements": 147, "percent_covered": 0.0, "percent_covered_display": "0", "missing_lines": 147, "excluded_lines": 0}, "missing_lines": [2, 7, 8, 9, 10, 11, 12, 14, 16, 18, 21, 22, 25, 26, 27, 28, 29, 30, 31, 32, 33, 34, 37, 40, 41, 42, 43, 44, 45, 47, 57, 58, 59, 60, 61, 64, 66, 67, 69, 72, 73, 74, 75, 76, 77, 79, 82, 83, 84, 85, 87, 88, 91, 93, 100, 103, 105, 106, 107, 116, 117, 119, 120, 121, 129, 134, 136, 137, 139, 141, 148, 149, 151, 153, 156, 157, 158, 159, 160, 162, 164, 167, 168, 171, 172, 173, 174, 177, 179, 181, 191, 194, 196, 197, 198, 206, 207, 209, 210, 211, 214, 215, 217, 218, 229, 237, 238, 246, 249, 251, 252, 253, 261, 262, 264, 265, 267, 268, 270, 271, 282, 290, 291, 299, 302, 304, 305, 306, 314, 317, 319, 320, 329, 339, 340, 348, 350, 351, 352, 353, 354, 356, 358, 359, 361, 363, 364], "excluded_lines": []}, "src/fortimanager/compliance_models.py": {"executed_lines": [], "summary": {"covered_lines": 0, "num_statements": 44, "percent_covered": 0.0, "percent_covered_display": "0", "missing_lines": 44, "excluded_lines": 0}, "missing_lines": [2, 7, 8, 9, 10, 13, 16, 17, 18, 19, 20, 23, 26, 27, 28, 29, 30, 33, 34, 37, 38, 39, 40, 41, 42, 43, 44, 45, 46, 47, 50, 51, 54, 55, 56, 57, 58, 59, 60, 61, 62, 63, 65, 67], "excluded_lines": []}, "src/fortimanager/compliance_reports.py": {"executed_lines": [], "summary": {"covered_lines": 0, "num_statements": 221, "percent_covered": 0.0, "percent_covered_display": "0", "missing_lines": 221, "excluded_lines": 0}, "missing_lines": [2, 7, 8, 9, 11, 12, 15, 18, 19, 21, 24, 25, 28, 29, 30, 32, 35, 36, 37, 38, 41, 46, 48, 74, 77, 79, 80, 82, 83, 84, 86, 89, 90, 92, 93, 94, 95, 96, 97, 99, 100, 101, 102, 103, 105, 106, 107, 110, 111, 113, 132, 135, 136, 139, 140, 141, 142, 143, 145, 147, 150, 151, 154, 155, 156, 157, 158, 160, 161, 162, 163, 164, 167, 168, 170, 171, 172, 173, 174, 177, 178, 179, 181, 183, 184, 185, 187, 190, 195, 197, 212, 215, 216, 217, 218, 219, 221, 223, 224, 225, 226, 227, 228, 229, 232, 233, 234, 236, 238, 240, 243, 244, 245, 246, 247, 248, 249, 251, 253, 254, 255, 256, 257, 259, 261, 264, 265, 266, 267, 268, 270, 272, 275, 276, 277, 278, 279, 280, 281, 283, 285, 286, 287, 288, 290, 292, 295, 298, 299, 300, 301, 302, 303, 304, 307, 308, 309, 310, 312, 324, 327, 329, 331, 334, 342, 344, 347, 348, 351, 352, 353, 354, 355, 357, 358, 359, 360, 361, 364, 365, 366, 367, 375, 380, 383, 384, 386, 387, 388, 390, 392, 393, 394, 395, 397, 398, 400, 408, 410, 413, 414, 416, 418, 421, 422, 424, 425, 426, 427, 429, 430, 431, 432, 433, 434, 435, 436, 437, 439, 440, 442], "excluded_lines": []}, "src/fortimanager/compliance_rules.py": {"executed_lines": [], "summary": {"covered_lines": 0, "num_statements": 71, "percent_covered": 0.0, "percent_covered_display": "0", "missing_lines": 71, "excluded_lines": 0}, "missing_lines": [2, 7, 8, 9, 12, 15, 16, 17, 18, 19, 22, 25, 26, 27, 28, 29, 30, 33, 34, 37, 38, 39, 40, 41, 42, 43, 44, 45, 46, 47, 50, 53, 54, 55, 57, 61, 75, 89, 104, 118, 133, 147, 162, 176, 178, 180, 182, 184, 186, 188, 190, 192, 194, 196, 198, 199, 201, 203, 204, 206, 208, 209, 211, 212, 213, 215, 217, 220, 223, 224, 226], "excluded_lines": []}, "src/fortimanager/fortimanager_analytics_engine.py": {"executed_lines": [], "summary": {"covered_lines": 0, "num_statements": 38, "percent_covered": 0.0, "percent_covered_display": "0", "missing_lines": 38, "excluded_lines": 0}, "missing_lines": [2, 7, 8, 9, 11, 14, 15, 17, 21, 24, 25, 26, 29, 32, 33, 34, 35, 37, 39, 41, 43, 45, 47, 49, 51, 53, 55, 57, 66, 69, 71, 72, 73, 77, 81, 83, 85, 89], "excluded_lines": []}, "src/fortimanager/fortimanager_compliance_automation.py": {"executed_lines": [], "summary": {"covered_lines": 0, "num_statements": 132, "percent_covered": 0.0, "percent_covered_display": "0", "missing_lines": 132, "excluded_lines": 0}, "missing_lines": [2, 7, 8, 9, 10, 12, 14, 15, 16, 18, 21, 24, 25, 26, 29, 30, 31, 34, 35, 36, 38, 48, 53, 54, 57, 58, 59, 61, 63, 65, 68, 70, 72, 77, 78, 79, 80, 83, 84, 85, 86, 93, 96, 97, 99, 100, 102, 104, 106, 107, 108, 110, 112, 115, 117, 120, 122, 125, 127, 130, 132, 133, 134, 135, 136, 138, 139, 141, 143, 144, 145, 146, 147, 149, 151, 152, 153, 155, 156, 157, 158, 159, 160, 161, 163, 164, 166, 175, 180, 181, 183, 185, 186, 187, 190, 193, 200, 203, 204, 206, 208, 209, 210, 213, 218, 220, 221, 226, 227, 229, 234, 237, 238, 243, 244, 246, 251, 253, 254, 256, 257, 263, 264, 265, 268, 270, 272, 274, 276, 278, 280, 282], "excluded_lines": []}, "src/fortimanager/fortimanager_policy_orchestrator.py": {"executed_lines": [], "summary": {"covered_lines": 0, "num_statements": 302, "percent_covered": 0.0, "percent_covered_display": "0", "missing_lines": 302, "excluded_lines": 0}, "missing_lines": [2, 7, 8, 9, 10, 11, 12, 13, 14, 16, 18, 21, 22, 25, 26, 27, 28, 29, 30, 31, 32, 35, 36, 39, 40, 41, 42, 43, 44, 45, 46, 47, 48, 51, 54, 55, 56, 57, 58, 59, 60, 63, 65, 69, 117, 149, 163, 172, 173, 175, 178, 179, 180, 183, 186, 187, 189, 190, 191, 194, 196, 197, 198, 200, 202, 208, 218, 226, 227, 228, 230, 233, 234, 235, 237, 238, 239, 242, 243, 245, 246, 247, 250, 251, 252, 255, 256, 257, 259, 269, 272, 273, 274, 277, 280, 291, 292, 293, 294, 295, 305, 307, 310, 313, 314, 315, 316, 317, 325, 328, 329, 330, 331, 332, 333, 334, 343, 345, 349, 350, 352, 355, 358, 359, 360, 370, 371, 372, 373, 374, 385, 386, 387, 397, 399, 410, 412, 423, 426, 427, 429, 431, 434, 435, 436, 438, 440, 449, 451, 460, 462, 465, 468, 469, 470, 475, 476, 477, 479, 480, 484, 485, 489, 490, 495, 497, 500, 503, 504, 505, 506, 507, 508, 511, 512, 513, 514, 516, 517, 519, 520, 521, 523, 524, 525, 526, 527, 529, 531, 533, 535, 537, 539, 541, 544, 546, 547, 548, 555, 556, 557, 565, 567, 571, 572, 573, 574, 576, 577, 584, 586, 592, 597, 604, 606, 610, 611, 616, 623, 625, 629, 631, 635, 637, 640, 641, 642, 644, 647, 648, 650, 651, 653, 656, 658, 659, 660, 661, 662, 667, 668, 670, 672, 675, 677, 678, 679, 681, 682, 684, 685, 687, 689, 692, 693, 694, 695, 701, 702, 715, 716, 717, 722, 724, 729, 736, 739, 750, 751, 752, 753, 754, 755, 756, 757, 758, 761, 762, 763, 774, 776, 779, 789, 794, 796, 799, 806, 809, 812, 814, 816, 817, 818, 821, 822, 823, 826, 827, 828, 830, 832, 836], "excluded_lines": []}, "src/fortimanager/fortimanager_security_fabric.py": {"executed_lines": [], "summary": {"covered_lines": 0, "num_statements": 365, "percent_covered": 0.0, "percent_covered_display": "0", "missing_lines": 365, "excluded_lines": 0}, "missing_lines": [2, 7, 8, 9, 10, 11, 12, 13, 14, 15, 16, 17, 19, 21, 24, 27, 28, 29, 30, 31, 34, 37, 38, 39, 40, 41, 42, 43, 44, 47, 48, 51, 52, 53, 54, 55, 56, 57, 58, 59, 60, 61, 64, 65, 68, 69, 70, 71, 72, 73, 74, 75, 76, 79, 80, 83, 84, 85, 86, 87, 88, 89, 90, 91, 94, 97, 98, 99, 100, 101, 102, 103, 104, 105, 108, 109, 112, 113, 116, 118, 122, 134, 150, 161, 164, 174, 176, 178, 179, 189, 190, 203, 210, 211, 213, 219, 220, 221, 223, 226, 227, 228, 230, 231, 232, 247, 249, 250, 251, 252, 253, 256, 257, 258, 261, 263, 264, 267, 269, 277, 280, 283, 284, 287, 290, 291, 293, 295, 306, 307, 310, 312, 314, 317, 318, 319, 321, 329, 330, 331, 333, 334, 343, 351, 353, 354, 357, 358, 360, 362, 367, 370, 373, 376, 385, 386, 387, 388, 391, 392, 393, 394, 396, 403, 404, 406, 413, 419, 420, 421, 427, 435, 438, 441, 444, 445, 446, 447, 449, 450, 452, 454, 456, 457, 458, 465, 467, 470, 481, 483, 484, 485, 486, 487, 488, 491, 493, 496, 497, 498, 507, 510, 513, 516, 517, 519, 520, 523, 525, 527, 531, 533, 534, 535, 546, 547, 548, 549, 550, 551, 553, 556, 559, 560, 571, 573, 574, 576, 578, 581, 584, 585, 586, 587, 590, 591, 592, 595, 596, 597, 600, 601, 602, 603, 605, 607, 610, 611, 614, 617, 618, 620, 622, 626, 628, 629, 630, 631, 632, 633, 634, 635, 636, 637, 639, 641, 644, 646, 647, 648, 649, 650, 651, 652, 653, 655, 657, 661, 662, 663, 664, 665, 667, 668, 671, 672, 673, 674, 675, 676, 678, 681, 683, 684, 685, 686, 687, 688, 689, 690, 692, 694, 697, 699, 701, 702, 703, 704, 705, 706, 711, 713, 714, 715, 716, 717, 718, 724, 729, 732, 733, 734, 735, 736, 738, 742, 744, 748, 750, 754, 756, 760, 765, 769, 771, 774, 777, 778, 780, 781, 784, 787, 788, 790, 792, 796, 803, 807, 809, 814, 817, 823, 825, 828, 834, 836, 839, 845, 847, 850, 856, 858, 861, 863, 870], "excluded_lines": []}, "src/itsm/__init__.py": {"executed_lines": [1], "summary": {"covered_lines": 0, "num_statements": 0, "percent_covered": 100.0, "percent_covered_display": "100", "missing_lines": 0, "excluded_lines": 0}, "missing_lines": [], "excluded_lines": []}, "src/itsm/automation_service.py": {"executed_lines": [3, 8, 9, 10, 11, 12, 13, 15, 16, 18, 19, 21, 24, 25, 27, 56, 71, 80, 115, 125, 172, 177, 209, 214, 229, 264, 274, 312, 347, 354, 371, 395, 413, 416], "summary": {"covered_lines": 33, "num_statements": 203, "percent_covered": 16.25615763546798, "percent_covered_display": "16", "missing_lines": 170, "excluded_lines": 0}, "missing_lines": [34, 35, 36, 37, 40, 41, 42, 45, 54, 58, 59, 60, 61, 62, 64, 65, 67, 68, 69, 73, 74, 76, 77, 78, 82, 112, 113, 117, 118, 119, 120, 121, 122, 123, 127, 129, 130, 131, 132, 133, 134, 135, 137, 147, 148, 151, 152, 153, 160, 163, 164, 166, 168, 169, 170, 179, 180, 181, 183, 184, 185, 187, 188, 189, 191, 193, 194, 195, 196, 197, 200, 202, 203, 204, 206, 207, 211, 212, 216, 217, 218, 221, 223, 224, 225, 227, 231, 232, 234, 236, 239, 240, 242, 243, 244, 246, 249, 250, 251, 252, 254, 257, 259, 260, 261, 262, 267, 269, 270, 276, 278, 279, 280, 282, 284, 285, 288, 289, 291, 292, 293, 294, 295, 298, 299, 305, 306, 308, 309, 310, 314, 315, 316, 318, 345, 349, 350, 352, 356, 357, 359, 362, 363, 364, 365, 366, 367, 369, 373, 374, 376, 377, 379, 381, 383, 390, 392, 393, 397, 398, 401, 402, 404, 405, 407, 408, 409, 419, 420, 421], "excluded_lines": []}, "src/itsm/external_connector.py": {"executed_lines": [3, 8, 9, 10, 11, 12, 14, 17, 18, 20, 25, 27, 30, 31, 33, 34, 35, 36, 37, 38, 41, 42, 43, 45, 46, 47, 48, 49, 50, 51, 52, 53, 54, 55, 56, 58, 63, 64, 65, 67, 68, 69, 70, 71, 72, 73, 74, 75, 77, 82, 83, 85, 128, 154, 172, 206, 220, 238, 262, 281, 297, 319, 336, 362, 388, 411, 416, 455, 478, 500, 516, 528, 537, 550, 559], "summary": {"covered_lines": 71, "num_statements": 283, "percent_covered": 25.08833922261484, "percent_covered_display": "25", "missing_lines": 212, "excluded_lines": 0}, "missing_lines": [21, 22, 23, 59, 60, 78, 79, 92, 93, 94, 95, 98, 114, 126, 130, 132, 134, 136, 138, 145, 147, 150, 152, 156, 157, 158, 160, 161, 162, 163, 165, 166, 168, 169, 170, 182, 183, 185, 186, 188, 189, 190, 191, 193, 194, 195, 196, 197, 199, 200, 202, 203, 204, 208, 209, 211, 212, 213, 214, 215, 216, 218, 222, 224, 230, 231, 232, 233, 235, 236, 240, 242, 248, 254, 255, 256, 257, 259, 260, 264, 266, 273, 274, 275, 276, 278, 279, 283, 285, 290, 291, 292, 294, 295, 299, 302, 303, 304, 305, 306, 307, 308, 310, 313, 314, 315, 317, 321, 323, 324, 325, 326, 327, 328, 330, 332, 333, 334, 338, 341, 342, 345, 346, 348, 349, 360, 364, 365, 368, 369, 371, 372, 374, 375, 386, 390, 393, 394, 395, 409, 414, 418, 421, 422, 425, 432, 433, 434, 437, 439, 440, 453, 457, 459, 460, 461, 462, 463, 464, 465, 466, 467, 468, 469, 470, 471, 472, 473, 474, 476, 480, 481, 484, 485, 486, 487, 490, 492, 493, 494, 495, 496, 498, 502, 503, 504, 505, 506, 507, 508, 510, 512, 513, 514, 518, 520, 525, 526, 531, 532, 534, 535, 539, 541, 547, 548, 552, 554, 556, 557, 561, 569], "excluded_lines": []}, "src/itsm/fortigate_bridge.py": {"executed_lines": [], "summary": {"covered_lines": 0, "num_statements": 188, "percent_covered": 0.0, "percent_covered_display": "0", "missing_lines": 188, "excluded_lines": 0}, "missing_lines": [3, 8, 9, 10, 12, 13, 14, 15, 16, 18, 21, 24, 54, 57, 63, 66, 67, 68, 74, 77, 78, 79, 85, 88, 89, 92, 93, 94, 96, 98, 100, 103, 104, 105, 107, 108, 109, 110, 112, 113, 114, 115, 116, 117, 119, 121, 123, 126, 128, 129, 130, 132, 135, 136, 137, 138, 139, 141, 142, 144, 146, 148, 149, 152, 155, 157, 158, 159, 162, 170, 171, 173, 176, 178, 180, 181, 182, 184, 186, 187, 188, 189, 190, 192, 193, 195, 196, 198, 200, 201, 202, 203, 206, 207, 209, 210, 212, 214, 215, 216, 219, 220, 221, 223, 225, 226, 227, 229, 231, 233, 234, 235, 236, 239, 240, 245, 246, 249, 261, 263, 264, 271, 277, 278, 284, 286, 288, 289, 290, 291, 295, 296, 297, 299, 301, 303, 305, 307, 309, 311, 312, 314, 315, 316, 321, 323, 324, 325, 326, 328, 329, 330, 332, 334, 335, 337, 338, 340, 341, 343, 345, 346, 348, 349, 350, 352, 353, 354, 356, 357, 358, 360, 362, 364, 366, 368, 369, 371, 373, 374, 375, 377, 379, 380, 382, 383, 384, 386], "excluded_lines": []}, "src/itsm/integration.py": {"executed_lines": [], "summary": {"covered_lines": 0, "num_statements": 211, "percent_covered": 0.0, "percent_covered_display": "0", "missing_lines": 211, "excluded_lines": 0}, "missing_lines": [3, 8, 9, 10, 12, 14, 16, 19, 22, 30, 33, 34, 36, 37, 38, 41, 48, 51, 52, 54, 74, 75, 76, 77, 78, 79, 82, 83, 86, 89, 91, 101, 102, 104, 105, 106, 108, 118, 119, 122, 123, 124, 126, 127, 128, 129, 130, 131, 132, 133, 134, 136, 138, 139, 140, 142, 157, 160, 188, 190, 210, 212, 232, 234, 244, 246, 268, 269, 270, 282, 284, 286, 300, 301, 302, 304, 312, 314, 316, 317, 318, 319, 320, 321, 322, 323, 325, 327, 329, 331, 332, 334, 335, 337, 338, 340, 341, 343, 345, 347, 350, 353, 356, 357, 358, 360, 361, 362, 364, 366, 368, 374, 375, 376, 378, 379, 380, 381, 383, 385, 387, 393, 394, 395, 397, 398, 399, 401, 403, 405, 408, 409, 410, 411, 414, 415, 416, 417, 418, 419, 420, 423, 424, 426, 427, 428, 429, 430, 431, 433, 435, 439, 445, 447, 448, 449, 450, 451, 452, 453, 454, 456, 458, 462, 464, 465, 475, 477, 479, 481, 482, 483, 484, 485, 486, 488, 489, 490, 491, 492, 493, 494, 495, 497, 499, 501, 502, 504, 515, 517, 532, 534, 545, 546, 548, 549, 550, 556, 558, 579, 580, 582, 586, 587, 589, 591, 593, 599, 601, 624, 635], "excluded_lines": []}, "src/itsm/policy_automation.py": {"executed_lines": [3, 8, 9, 10, 11, 12, 13, 15, 16, 17, 19, 21, 24, 25, 27, 28, 29, 32, 33, 35, 36, 37, 38, 39, 42, 43, 44, 46, 47, 48, 49, 50, 52, 57, 58, 59, 61, 62, 63, 64, 65, 66, 67, 70, 71, 72, 74, 75, 76, 77, 78, 79, 82, 83, 84, 86, 87, 88, 89, 90, 91, 93, 98, 99, 101, 119, 162, 203, 219, 268, 316, 344, 376, 399, 413, 450, 494, 517, 605, 645, 689, 695, 735, 739], "summary": {"covered_lines": 77, "num_statements": 295, "percent_covered": 26.10169491525424, "percent_covered_display": "26", "missing_lines": 218, "excluded_lines": 0}, "missing_lines": [53, 54, 94, 95, 108, 109, 110, 111, 114, 117, 121, 159, 160, 165, 200, 201, 205, 206, 208, 209, 210, 213, 215, 216, 217, 221, 224, 225, 227, 228, 229, 239, 242, 245, 248, 251, 253, 262, 266, 275, 278, 280, 281, 282, 285, 288, 289, 290, 293, 294, 295, 298, 300, 301, 302, 304, 306, 307, 308, 311, 313, 314, 323, 324, 327, 330, 332, 333, 334, 336, 338, 339, 340, 342, 352, 354, 355, 372, 374, 378, 381, 392, 393, 394, 397, 402, 403, 406, 407, 411, 420, 423, 424, 435, 436, 446, 448, 457, 458, 461, 462, 465, 466, 467, 470, 471, 472, 473, 476, 477, 478, 481, 482, 483, 484, 486, 488, 489, 490, 492, 503, 504, 507, 508, 511, 512, 515, 519, 521, 522, 523, 524, 526, 528, 529, 539, 540, 541, 542, 545, 547, 548, 550, 551, 554, 556, 557, 558, 559, 561, 562, 564, 565, 566, 567, 570, 571, 572, 573, 575, 577, 587, 589, 590, 592, 593, 594, 596, 607, 609, 624, 625, 628, 630, 631, 640, 642, 643, 647, 649, 650, 657, 672, 674, 675, 684, 686, 687, 692, 693, 697, 700, 701, 703, 705, 706, 708, 711, 712, 715, 716, 722, 728, 729, 730, 732, 733, 737, 741, 742, 751, 752, 753, 755, 756, 757, 759, 761], "excluded_lines": []}, "src/itsm/policy_mapper.py": {"executed_lines": [], "summary": {"covered_lines": 0, "num_statements": 212, "percent_covered": 0.0, "percent_covered_display": "0", "missing_lines": 212, "excluded_lines": 0}, "missing_lines": [3, 8, 9, 10, 11, 13, 15, 18, 21, 25, 59, 79, 110, 120, 121, 124, 125, 126, 127, 128, 131, 132, 135, 136, 139, 142, 145, 146, 147, 157, 160, 178, 179, 181, 182, 183, 190, 192, 193, 196, 197, 199, 200, 201, 202, 204, 206, 207, 208, 211, 212, 213, 215, 216, 218, 220, 222, 224, 225, 227, 228, 230, 231, 232, 233, 234, 237, 239, 240, 242, 244, 247, 249, 250, 252, 253, 255, 256, 258, 259, 261, 264, 267, 268, 269, 271, 273, 275, 282, 283, 286, 288, 289, 290, 291, 293, 295, 296, 297, 298, 299, 300, 303, 304, 305, 308, 309, 311, 313, 314, 316, 318, 331, 332, 335, 338, 339, 342, 343, 346, 349, 359, 381, 383, 385, 387, 388, 389, 391, 393, 395, 397, 398, 399, 408, 410, 421, 424, 425, 426, 427, 428, 429, 432, 433, 434, 435, 436, 437, 438, 440, 441, 442, 445, 446, 447, 448, 449, 452, 453, 456, 457, 460, 461, 464, 465, 466, 467, 469, 471, 474, 475, 476, 478, 480, 483, 484, 485, 486, 488, 489, 490, 491, 494, 495, 496, 497, 498, 499, 501, 503, 505, 507, 508, 517, 518, 520, 522, 524, 531, 533, 534, 535, 536, 545, 547, 549, 551, 553, 554, 560, 562], "excluded_lines": []}, "src/itsm/scraper.py": {"executed_lines": [], "summary": {"covered_lines": 0, "num_statements": 163, "percent_covered": 0.0, "percent_covered_display": "0", "missing_lines": 163, "excluded_lines": 0}, "missing_lines": [3, 8, 9, 10, 11, 13, 14, 16, 18, 21, 24, 33, 36, 37, 39, 40, 41, 42, 43, 53, 72, 79, 81, 83, 84, 86, 87, 88, 91, 98, 100, 101, 102, 104, 105, 107, 108, 109, 111, 121, 123, 125, 132, 134, 136, 137, 138, 139, 141, 143, 144, 147, 149, 150, 152, 153, 154, 156, 166, 168, 170, 176, 178, 179, 180, 181, 182, 184, 186, 187, 189, 190, 191, 193, 195, 197, 198, 199, 210, 212, 214, 216, 217, 220, 221, 222, 223, 224, 232, 234, 236, 238, 240, 241, 242, 245, 247, 248, 249, 251, 253, 255, 256, 258, 259, 260, 261, 262, 263, 264, 265, 267, 269, 271, 282, 284, 286, 289, 301, 302, 303, 304, 305, 307, 309, 311, 313, 321, 322, 323, 324, 326, 327, 329, 331, 333, 376, 378, 380, 421, 431, 439, 441, 443, 444, 445, 448, 454, 455, 456, 457, 458, 459, 460, 461, 463, 464, 466, 467, 468, 469, 470, 471], "excluded_lines": []}, "src/main.py": {"executed_lines": [], "summary": {"covered_lines": 0, "num_statements": 171, "percent_covered": 0.0, "percent_covered_display": "0", "missing_lines": 171, "excluded_lines": 0}, "missing_lines": [3, 8, 9, 12, 15, 17, 19, 20, 23, 24, 26, 29, 32, 33, 36, 37, 40, 43, 45, 47, 48, 50, 53, 55, 58, 60, 62, 63, 64, 65, 66, 67, 68, 69, 70, 71, 72, 73, 76, 78, 79, 81, 84, 85, 86, 87, 89, 92, 94, 95, 96, 97, 98, 105, 106, 107, 108, 109, 110, 111, 112, 119, 122, 124, 125, 131, 132, 133, 134, 135, 137, 138, 139, 140, 143, 144, 146, 148, 149, 150, 153, 155, 156, 157, 159, 161, 162, 163, 166, 168, 169, 170, 171, 172, 173, 174, 175, 178, 181, 183, 186, 189, 192, 193, 196, 197, 200, 203, 204, 205, 207, 208, 209, 210, 211, 212, 214, 215, 216, 217, 220, 222, 223, 224, 226, 235, 236, 237, 238, 239, 241, 242, 243, 246, 247, 248, 251, 253, 261, 264, 266, 267, 268, 270, 273, 275, 276, 277, 279, 282, 283, 284, 287, 297, 298, 299, 300, 303, 305, 306, 307, 309, 310, 313, 314, 316, 317, 318, 323, 326, 327], "excluded_lines": []}, "src/mock/__init__.py": {"executed_lines": [], "summary": {"covered_lines": 0, "num_statements": 1, "percent_covered": 0.0, "percent_covered_display": "0", "missing_lines": 1, "excluded_lines": 0}, "missing_lines": [2], "excluded_lines": []}, "src/mock/data_generator.py": {"executed_lines": [], "summary": {"covered_lines": 0, "num_statements": 60, "percent_covered": 0.0, "percent_covered_display": "0", "missing_lines": 60, "excluded_lines": 0}, "missing_lines": [6, 7, 8, 9, 12, 15, 16, 17, 18, 20, 22, 32, 34, 35, 36, 51, 52, 54, 56, 64, 66, 67, 68, 83, 84, 86, 88, 89, 92, 93, 101, 104, 105, 106, 112, 114, 116, 118, 125, 127, 143, 145, 158, 160, 162, 163, 164, 165, 167, 168, 169, 170, 172, 173, 174, 175, 177, 178, 183, 185], "excluded_lines": []}, "src/modules/__init__.py": {"executed_lines": [1], "summary": {"covered_lines": 0, "num_statements": 0, "percent_covered": 100.0, "percent_covered_display": "100", "missing_lines": 0, "excluded_lines": 0}, "missing_lines": [], "excluded_lines": []}, "src/modules/device_manager.py": {"executed_lines": [1, 8, 9, 10, 12, 15, 16, 18, 36, 81, 85, 106, 127, 239, 345, 441, 573, 605, 638, 685], "summary": {"covered_lines": 18, "num_statements": 200, "percent_covered": 9.0, "percent_covered_display": "9", "missing_lines": 182, "excluded_lines": 0}, "missing_lines": [26, 28, 30, 32, 34, 43, 45, 47, 48, 51, 52, 53, 70, 73, 75, 77, 78, 79, 83, 92, 93, 94, 95, 104, 117, 118, 120, 121, 122, 124, 125, 138, 139, 141, 143, 144, 146, 148, 149, 150, 168, 226, 229, 230, 231, 233, 235, 236, 237, 250, 251, 253, 255, 256, 258, 260, 261, 262, 281, 332, 335, 336, 337, 339, 341, 342, 343, 356, 357, 359, 361, 362, 364, 366, 367, 368, 381, 428, 431, 432, 433, 435, 437, 438, 439, 452, 453, 455, 457, 458, 460, 462, 465, 466, 467, 477, 480, 481, 482, 483, 484, 486, 487, 488, 490, 491, 492, 493, 494, 497, 498, 508, 511, 553, 556, 557, 558, 559, 560, 563, 564, 565, 567, 569, 570, 571, 583, 586, 587, 588, 589, 590, 591, 592, 593, 594, 595, 598, 599, 600, 603, 615, 616, 619, 620, 623, 636, 648, 656, 658, 659, 661, 662, 663, 664, 665, 668, 671, 674, 677, 679, 681, 682, 683, 695, 696, 698, 700, 701, 703, 709, 712, 713, 714, 716, 718, 725, 726, 728, 730, 731, 732], "excluded_lines": []}, "src/modules/device_manager_api.py": {"executed_lines": [], "summary": {"covered_lines": 0, "num_statements": 105, "percent_covered": 0.0, "percent_covered_display": "0", "missing_lines": 105, "excluded_lines": 0}, "missing_lines": [7, 8, 9, 11, 13, 15, 18, 21, 30, 32, 39, 41, 44, 45, 46, 47, 48, 50, 51, 52, 55, 57, 63, 64, 65, 67, 82, 92, 93, 94, 97, 98, 101, 102, 105, 106, 108, 109, 110, 111, 114, 115, 116, 117, 119, 121, 131, 132, 133, 134, 135, 137, 147, 149, 152, 153, 154, 155, 156, 159, 160, 161, 170, 173, 174, 175, 187, 189, 192, 199, 200, 201, 208, 218, 219, 222, 223, 225, 226, 227, 229, 231, 238, 239, 240, 247, 257, 258, 259, 260, 261, 263, 273, 274, 275, 276, 277, 279, 290, 291, 292, 293, 294, 295, 296], "excluded_lines": []}, "src/monitoring/__init__.py": {"executed_lines": [1], "summary": {"covered_lines": 0, "num_statements": 0, "percent_covered": 100.0, "percent_covered_display": "100", "missing_lines": 0, "excluded_lines": 0}, "missing_lines": [], "excluded_lines": []}, "src/monitoring/base.py": {"executed_lines": [2, 6, 7, 8, 9, 10, 11, 12, 13, 16, 17, 19, 59, 91, 123, 130, 137, 151, 160, 175, 186, 207, 213, 238, 298, 315, 339, 340, 343, 347, 350, 353, 357, 358, 360, 371, 379, 385, 386, 388, 399, 403, 429, 437, 438, 441, 450, 459, 465, 471, 480, 489], "summary": {"covered_lines": 49, "num_statements": 267, "percent_covered": 18.352059925093634, "percent_covered_display": "18", "missing_lines": 218, "excluded_lines": 0}, "missing_lines": [26, 27, 28, 31, 32, 33, 34, 35, 38, 39, 40, 41, 44, 47, 50, 61, 62, 63, 64, 66, 67, 68, 69, 70, 72, 77, 79, 80, 83, 84, 86, 87, 88, 89, 93, 94, 95, 97, 98, 101, 102, 103, 106, 107, 109, 110, 111, 113, 116, 117, 119, 120, 121, 125, 126, 127, 128, 132, 133, 134, 135, 144, 145, 146, 147, 148, 149, 153, 154, 155, 156, 157, 158, 162, 163, 177, 179, 180, 188, 189, 191, 192, 193, 195, 196, 199, 200, 201, 203, 205, 209, 210, 211, 215, 216, 217, 225, 226, 227, 229, 231, 232, 234, 235, 236, 240, 242, 243, 245, 246, 247, 250, 253, 255, 257, 258, 261, 262, 265, 268, 271, 274, 277, 280, 282, 283, 284, 290, 291, 294, 296, 300, 301, 302, 304, 305, 308, 311, 313, 317, 318, 320, 321, 322, 330, 331, 332, 335, 336, 345, 362, 363, 366, 367, 368, 369, 373, 381, 382, 390, 391, 394, 395, 396, 397, 401, 405, 406, 408, 410, 411, 412, 413, 415, 418, 426, 427, 431, 433, 443, 444, 445, 446, 447, 452, 453, 454, 455, 456, 461, 462, 467, 468, 473, 474, 475, 476, 477, 482, 483, 484, 485, 486, 491, 492, 493, 496, 497, 499, 500, 502, 503, 505, 506, 507, 508, 510, 511], "excluded_lines": []}, "src/monitoring/collectors/__init__.py": {"executed_lines": [], "summary": {"covered_lines": 0, "num_statements": 0, "percent_covered": 100.0, "percent_covered_display": "100", "missing_lines": 0, "excluded_lines": 0}, "missing_lines": [], "excluded_lines": []}, "src/monitoring/collectors/system_metrics.py": {"executed_lines": [], "summary": {"covered_lines": 0, "num_statements": 193, "percent_covered": 0.0, "percent_covered_display": "0", "missing_lines": 193, "excluded_lines": 0}, "missing_lines": [2, 6, 7, 8, 9, 10, 11, 12, 13, 15, 17, 18, 20, 23, 26, 32, 33, 34, 36, 43, 44, 45, 46, 49, 50, 52, 54, 55, 66, 68, 69, 70, 72, 74, 75, 78, 79, 80, 81, 84, 86, 87, 95, 96, 104, 105, 113, 114, 122, 125, 126, 127, 128, 130, 132, 134, 136, 137, 138, 140, 142, 143, 144, 146, 155, 156, 157, 159, 161, 163, 164, 165, 167, 180, 181, 182, 184, 186, 187, 188, 190, 205, 206, 207, 209, 211, 212, 213, 214, 215, 217, 218, 219, 220, 229, 230, 231, 233, 234, 237, 239, 244, 245, 254, 256, 257, 258, 260, 262, 263, 264, 267, 268, 269, 280, 296, 297, 298, 300, 302, 303, 304, 306, 308, 309, 310, 311, 313, 314, 315, 316, 318, 319, 322, 323, 325, 326, 329, 331, 337, 338, 339, 341, 343, 345, 352, 353, 354, 355, 356, 357, 358, 368, 369, 371, 373, 375, 376, 377, 378, 379, 381, 383, 385, 392, 394, 395, 396, 398, 400, 402, 409, 413, 421, 422, 432, 434, 437, 439, 441, 442, 443, 444, 448, 449, 451, 452, 454, 455, 456, 457, 459, 460], "excluded_lines": []}, "src/monitoring/config.py": {"executed_lines": [2, 6, 7, 8, 9, 10, 11, 12, 14, 17, 18, 19, 21, 22, 23, 24, 27, 28, 29, 31, 32, 33, 35, 46, 47, 48, 50, 51, 52, 53, 55, 64, 65, 66, 68, 69, 70, 71, 73, 85, 86, 87, 89, 90, 91, 92, 94, 135, 136, 137, 139, 140, 141, 142, 145, 146, 147, 148, 149, 151, 162, 163, 165, 182, 205, 236, 241, 265, 269, 273, 277, 281, 320, 331, 336, 341, 350, 423, 476, 493, 537, 538, 541, 550, 555, 560, 565, 570], "summary": {"covered_lines": 81, "num_statements": 262, "percent_covered": 30.916030534351144, "percent_covered_display": "31", "missing_lines": 181, "excluded_lines": 0}, "missing_lines": [36, 37, 56, 57, 74, 75, 95, 96, 152, 153, 154, 155, 156, 157, 158, 159, 170, 171, 172, 174, 175, 176, 177, 180, 184, 185, 186, 187, 190, 191, 192, 195, 196, 197, 199, 200, 202, 203, 207, 208, 210, 213, 216, 223, 224, 226, 229, 230, 232, 233, 234, 238, 239, 243, 244, 245, 246, 249, 251, 255, 258, 259, 261, 262, 263, 267, 271, 275, 279, 283, 284, 285, 286, 292, 293, 300, 303, 304, 305, 314, 316, 317, 318, 322, 323, 324, 325, 326, 327, 328, 329, 333, 334, 338, 339, 343, 344, 345, 346, 347, 348, 352, 354, 355, 356, 357, 364, 371, 372, 373, 374, 381, 389, 390, 398, 399, 407, 419, 420, 421, 425, 427, 428, 435, 472, 473, 474, 478, 479, 480, 481, 483, 484, 485, 487, 489, 490, 491, 495, 497, 499, 500, 502, 503, 505, 506, 508, 509, 512, 518, 519, 522, 526, 527, 528, 530, 531, 533, 544, 545, 546, 547, 552, 557, 562, 567, 572, 574, 575, 576, 577, 580, 581, 582, 585, 586, 587, 588, 589, 590, 592], "excluded_lines": []}, "src/monitoring/manager.py": {"executed_lines": [2, 6, 7, 8, 9, 10, 11, 12, 13, 15, 16, 18, 19, 21, 24, 25, 27, 36, 49, 55, 61, 62, 86, 96, 122, 123, 125, 130, 161, 202, 263, 283, 298, 314, 315, 317, 346, 380, 406, 438, 466, 487, 513, 517, 522, 527, 570, 581, 592, 612, 632, 660, 669, 704, 705, 708, 717, 722, 727], "summary": {"covered_lines": 56, "num_statements": 370, "percent_covered": 15.135135135135135, "percent_covered_display": "15", "missing_lines": 314, "excluded_lines": 0}, "missing_lines": [29, 30, 31, 32, 34, 38, 39, 40, 41, 44, 47, 51, 52, 53, 57, 58, 59, 65, 66, 68, 69, 71, 73, 74, 76, 77, 79, 82, 84, 88, 90, 91, 92, 93, 94, 99, 102, 108, 110, 119, 126, 127, 128, 132, 133, 134, 144, 147, 150, 153, 155, 157, 158, 159, 163, 165, 167, 168, 169, 171, 172, 175, 176, 184, 185, 186, 188, 189, 190, 191, 197, 198, 200, 204, 206, 208, 209, 210, 212, 213, 224, 225, 227, 228, 230, 231, 242, 243, 244, 246, 247, 248, 258, 259, 261, 265, 267, 269, 270, 271, 272, 273, 276, 277, 279, 280, 281, 285, 286, 288, 290, 292, 293, 294, 296, 300, 310, 311, 318, 319, 320, 323, 324, 325, 326, 329, 332, 335, 344, 348, 349, 350, 351, 352, 354, 357, 360, 361, 362, 367, 370, 371, 373, 374, 376, 377, 378, 382, 383, 384, 385, 387, 390, 391, 393, 394, 397, 399, 400, 402, 403, 404, 408, 409, 410, 411, 412, 415, 416, 417, 420, 423, 425, 428, 429, 431, 432, 434, 435, 436, 440, 441, 442, 443, 445, 448, 451, 454, 455, 457, 459, 460, 462, 463, 464, 468, 469, 471, 472, 474, 489, 491, 493, 494, 495, 496, 497, 502, 503, 506, 507, 509, 510, 511, 515, 519, 520, 524, 525, 529, 531, 533, 534, 536, 538, 539, 542, 553, 556, 559, 562, 564, 565, 566, 568, 572, 573, 574, 575, 577, 578, 579, 583, 584, 585, 586, 588, 589, 590, 594, 596, 602, 603, 606, 607, 609, 610, 614, 615, 618, 624, 629, 630, 634, 635, 637, 638, 640, 641, 642, 643, 645, 646, 655, 657, 658, 662, 663, 664, 665, 666, 667, 671, 672, 681, 682, 683, 688, 689, 692, 693, 695, 696, 698, 699, 700, 711, 712, 713, 714, 719, 724, 729, 731, 732, 734, 735, 737, 738, 739, 740, 741, 743, 744], "excluded_lines": []}, "src/monitoring/realtime/__init__.py": {"executed_lines": [], "summary": {"covered_lines": 0, "num_statements": 0, "percent_covered": 100.0, "percent_covered_display": "100", "missing_lines": 0, "excluded_lines": 0}, "missing_lines": [], "excluded_lines": []}, "src/monitoring/realtime/alerts.py": {"executed_lines": [], "summary": {"covered_lines": 0, "num_statements": 156, "percent_covered": 0.0, "percent_covered_display": "0", "missing_lines": 156, "excluded_lines": 0}, "missing_lines": [3, 8, 9, 10, 11, 12, 13, 15, 18, 21, 22, 23, 24, 27, 30, 31, 32, 33, 34, 37, 40, 41, 42, 43, 44, 45, 46, 48, 50, 52, 53, 66, 68, 70, 72, 73, 74, 76, 77, 78, 80, 82, 91, 103, 104, 106, 108, 109, 110, 111, 112, 113, 115, 117, 118, 119, 120, 121, 124, 125, 127, 128, 129, 131, 137, 139, 140, 142, 143, 145, 147, 149, 158, 159, 164, 165, 170, 173, 174, 178, 180, 182, 183, 184, 186, 188, 189, 192, 193, 194, 195, 197, 198, 199, 200, 201, 202, 203, 204, 205, 206, 207, 208, 211, 212, 214, 215, 217, 219, 221, 238, 240, 242, 244, 245, 246, 247, 249, 251, 254, 257, 260, 263, 265, 267, 269, 270, 272, 274, 275, 277, 279, 281, 282, 283, 284, 285, 286, 288, 290, 291, 293, 294, 298, 300, 302, 303, 304, 306, 308, 310, 312, 313, 314, 315, 319], "excluded_lines": []}, "src/monitoring/realtime/monitor.py": {"executed_lines": [], "summary": {"covered_lines": 0, "num_statements": 115, "percent_covered": 0.0, "percent_covered_display": "0", "missing_lines": 115, "excluded_lines": 0}, "missing_lines": [2, 7, 8, 9, 10, 11, 14, 17, 20, 22, 23, 24, 25, 26, 28, 30, 31, 32, 33, 35, 36, 37, 39, 40, 42, 43, 44, 46, 48, 49, 50, 51, 53, 54, 56, 57, 58, 60, 62, 63, 64, 65, 66, 67, 69, 70, 71, 73, 75, 76, 77, 78, 79, 80, 82, 83, 84, 86, 88, 95, 97, 99, 101, 123, 124, 125, 127, 129, 131, 132, 134, 137, 140, 143, 145, 146, 147, 149, 151, 153, 154, 155, 156, 157, 159, 160, 161, 162, 166, 169, 172, 173, 174, 177, 179, 180, 183, 185, 186, 189, 191, 192, 195, 197, 199, 202, 203, 205, 206, 208, 209, 210, 211, 213, 214], "excluded_lines": []}, "src/monitoring/realtime/websocket.py": {"executed_lines": [], "summary": {"covered_lines": 0, "num_statements": 116, "percent_covered": 0.0, "percent_covered_display": "0", "missing_lines": 116, "excluded_lines": 0}, "missing_lines": [2, 7, 8, 9, 11, 12, 14, 16, 19, 22, 23, 24, 25, 26, 28, 31, 32, 34, 35, 37, 40, 41, 47, 50, 51, 52, 53, 55, 64, 66, 67, 69, 71, 73, 74, 77, 78, 80, 85, 87, 88, 90, 92, 93, 94, 96, 97, 99, 108, 109, 110, 112, 117, 118, 120, 121, 122, 124, 125, 126, 128, 130, 139, 140, 141, 143, 144, 146, 147, 149, 150, 151, 153, 155, 163, 164, 165, 170, 172, 175, 177, 178, 180, 181, 184, 185, 186, 187, 190, 192, 195, 198, 211, 213, 225, 227, 228, 229, 231, 233, 235, 237, 282, 284, 287, 289, 290, 291, 303, 305, 307, 309, 310, 311, 312, 313], "excluded_lines": []}, "src/routes/__init__.py": {"executed_lines": [1], "summary": {"covered_lines": 0, "num_statements": 0, "percent_covered": 100.0, "percent_covered_display": "100", "missing_lines": 0, "excluded_lines": 0}, "missing_lines": [], "excluded_lines": []}, "src/routes/api_modules/__init__.py": {"executed_lines": [1, 8, 9, 10, 11, 13], "summary": {"covered_lines": 5, "num_statements": 5, "percent_covered": 100.0, "percent_covered_display": "100", "missing_lines": 0, "excluded_lines": 0}, "missing_lines": [], "excluded_lines": []}, "src/routes/api_modules/device_routes.py": {"executed_lines": [1, 5, 7, 8, 9, 11, 13, 16, 17, 18, 35, 36, 37], "summary": {"covered_lines": 12, "num_statements": 32, "percent_covered": 37.5, "percent_covered_display": "38", "missing_lines": 20, "excluded_lines": 0}, "missing_lines": [20, 21, 22, 24, 25, 27, 28, 30, 31, 32, 39, 40, 41, 43, 44, 46, 47, 49, 50, 51], "excluded_lines": []}, "src/routes/api_modules/monitoring_routes.py": {"executed_lines": [1, 5, 7, 8, 9, 11, 13, 16, 17, 18, 40, 41, 42], "summary": {"covered_lines": 12, "num_statements": 32, "percent_covered": 37.5, "percent_covered_display": "38", "missing_lines": 20, "excluded_lines": 0}, "missing_lines": [20, 21, 22, 24, 25, 27, 33, 35, 36, 37, 44, 45, 46, 48, 49, 51, 57, 59, 60, 61], "excluded_lines": []}, "src/routes/api_modules/settings_routes.py": {"executed_lines": [1, 5, 7, 8, 10, 12, 15, 16, 26, 27], "summary": {"covered_lines": 9, "num_statements": 22, "percent_covered": 40.90909090909091, "percent_covered_display": "41", "missing_lines": 13, "excluded_lines": 0}, "missing_lines": [18, 19, 20, 21, 22, 23, 29, 30, 31, 32, 33, 34, 35], "excluded_lines": []}, "src/routes/api_modules/system_routes.py": {"executed_lines": [1, 5, 7, 8, 9, 10, 12, 14, 16, 19, 20, 21, 101, 102, 103, 104, 170, 171, 172, 186, 187], "summary": {"covered_lines": 20, "num_statements": 77, "percent_covered": 25.974025974025974, "percent_covered_display": "26", "missing_lines": 57, "excluded_lines": 0}, "missing_lines": [23, 24, 33, 34, 36, 37, 38, 40, 41, 42, 53, 62, 63, 64, 66, 69, 70, 71, 73, 78, 79, 80, 83, 84, 85, 86, 88, 89, 91, 93, 94, 95, 106, 108, 109, 110, 112, 163, 165, 166, 167, 174, 175, 177, 179, 181, 182, 183, 189, 190, 193, 198, 205, 206, 208, 209, 210], "excluded_lines": []}, "src/routes/api_modules/utils.py": {"executed_lines": [1, 5, 6, 9, 26, 29, 30, 32, 35, 46, 85, 103], "summary": {"covered_lines": 11, "num_statements": 59, "percent_covered": 18.64406779661017, "percent_covered_display": "19", "missing_lines": 48, "excluded_lines": 0}, "missing_lines": [11, 12, 13, 14, 15, 16, 17, 18, 19, 21, 22, 23, 37, 38, 39, 40, 41, 43, 48, 49, 50, 51, 53, 54, 56, 57, 58, 59, 60, 62, 63, 65, 71, 73, 74, 75, 77, 87, 89, 90, 91, 93, 94, 95, 97, 98, 100, 105], "excluded_lines": []}, "src/routes/api_routes.py": {"executed_lines": [1, 8, 10, 12, 14, 17, 20], "summary": {"covered_lines": 6, "num_statements": 6, "percent_covered": 100.0, "percent_covered_display": "100", "missing_lines": 0, "excluded_lines": 0}, "missing_lines": [], "excluded_lines": []}, "src/routes/fortimanager/__init__.py": {"executed_lines": [], "summary": {"covered_lines": 0, "num_statements": 9, "percent_covered": 0.0, "percent_covered_display": "0", "missing_lines": 9, "excluded_lines": 0}, "missing_lines": [10, 12, 13, 14, 17, 20, 21, 22, 24], "excluded_lines": []}, "src/routes/fortimanager/analytics_routes.py": {"executed_lines": [], "summary": {"covered_lines": 0, "num_statements": 196, "percent_covered": 0.0, "percent_covered_display": "0", "missing_lines": 196, "excluded_lines": 0}, "missing_lines": [7, 9, 11, 12, 13, 14, 15, 17, 18, 21, 22, 23, 25, 26, 28, 29, 31, 32, 33, 34, 36, 37, 38, 48, 49, 51, 52, 54, 56, 57, 67, 69, 70, 71, 74, 75, 76, 78, 79, 81, 82, 84, 86, 87, 89, 90, 99, 100, 102, 103, 105, 107, 108, 117, 119, 120, 121, 124, 125, 126, 128, 129, 130, 131, 132, 134, 135, 137, 138, 140, 142, 143, 145, 147, 148, 149, 152, 153, 154, 156, 157, 159, 160, 162, 163, 164, 166, 167, 168, 169, 178, 179, 181, 182, 185, 188, 192, 201, 202, 203, 206, 207, 208, 210, 211, 213, 214, 216, 217, 218, 220, 221, 222, 223, 232, 233, 235, 236, 239, 242, 246, 255, 256, 257, 260, 261, 262, 264, 265, 267, 268, 270, 271, 272, 274, 275, 276, 277, 286, 287, 289, 290, 293, 296, 300, 309, 310, 311, 314, 315, 316, 318, 319, 321, 322, 324, 325, 326, 328, 329, 330, 331, 340, 341, 343, 344, 347, 350, 354, 363, 364, 365, 368, 369, 370, 372, 373, 375, 376, 378, 379, 380, 382, 383, 385, 386, 396, 397, 399, 400, 403, 406, 410, 420, 421, 422], "excluded_lines": []}, "src/routes/fortimanager/compliance_routes.py": {"executed_lines": [], "summary": {"covered_lines": 0, "num_statements": 176, "percent_covered": 0.0, "percent_covered_display": "0", "missing_lines": 176, "excluded_lines": 0}, "missing_lines": [7, 9, 10, 11, 12, 13, 15, 16, 19, 20, 21, 23, 24, 26, 27, 29, 30, 31, 33, 34, 36, 37, 38, 39, 49, 50, 52, 53, 56, 59, 63, 73, 74, 75, 78, 79, 80, 82, 83, 85, 86, 88, 89, 90, 92, 93, 95, 96, 97, 98, 108, 109, 111, 112, 115, 118, 122, 132, 133, 134, 137, 138, 139, 141, 142, 143, 145, 146, 147, 148, 157, 158, 160, 161, 164, 166, 168, 177, 178, 179, 182, 183, 184, 186, 187, 189, 190, 195, 196, 197, 198, 200, 201, 203, 204, 206, 207, 218, 219, 221, 222, 225, 228, 235, 246, 247, 248, 251, 252, 253, 255, 256, 257, 258, 259, 261, 262, 263, 264, 275, 276, 278, 279, 282, 284, 291, 302, 303, 304, 307, 308, 309, 311, 312, 313, 314, 315, 317, 318, 320, 321, 324, 326, 328, 330, 331, 332, 335, 336, 337, 339, 340, 342, 343, 345, 346, 347, 348, 349, 351, 352, 357, 358, 359, 369, 370, 372, 373, 376, 378, 386, 387, 397, 399, 400, 401], "excluded_lines": []}, "src/routes/fortimanager/device_routes.py": {"executed_lines": [], "summary": {"covered_lines": 0, "num_statements": 124, "percent_covered": 0.0, "percent_covered_display": "0", "missing_lines": 124, "excluded_lines": 0}, "missing_lines": [7, 9, 10, 11, 13, 14, 17, 18, 19, 21, 22, 23, 33, 34, 36, 37, 45, 46, 47, 48, 57, 64, 65, 66, 74, 75, 76, 79, 80, 81, 83, 84, 85, 86, 87, 89, 90, 92, 93, 95, 
[...]
136, 165, 218, 253, 301, 349, 373, 374, 378, 393, 421, 445, 485], "summary": {"covered_lines": 51, "num_statements": 205, "percent_covered": 24.878048780487806, "percent_covered_display": "25", "missing_lines": 154, "excluded_lines": 0}, "missing_lines": [75, 76, 77, 78, 79, 94, 95, 97, 100, 101, 102, 103, 104, 105, 106, 107, 109, 112, 113, 114, 116, 120, 124, 125, 127, 128, 129, 131, 132, 134, 140, 141, 142, 144, 146, 148, 149, 150, 151, 152, 155, 156, 157, 158, 160, 161, 163, 169, 170, 171, 173, 175, 177, 179, 186, 189, 190, 191, 192, 193, 201, 202, 210, 211, 213, 214, 216, 220, 221, 224, 225, 228, 229, 230, 231, 234, 237, 238, 239, 246, 248, 249, 251, 263, 265, 267, 268, 269, 271, 273, 281, 282, 283, 286, 287, 288, 289, 290, 292, 311, 313, 315, 316, 318, 319, 322, 323, 325, 327, 335, 336, 337, 339, 358, 360, 361, 362, 363, 364, 365, 367, 368, 369, 386, 387, 388, 404, 409, 412, 413, 414, 415, 417, 419, 432, 443, 457, 460, 461, 462, 463, 472, 475, 476, 477, 478, 479, 480, 481, 483, 488, 489, 492, 493], "excluded_lines": []}, "src/utils/common_imports.py": {"executed_lines": [1, 9, 10, 11, 12, 13, 14, 15, 16, 17, 18, 19, 20, 21, 22, 25, 26, 29, 30, 35, 36, 37, 42, 43, 44, 48, 49, 52, 53, 56, 57, 60, 61, 64, 65, 69, 84, 104, 109, 117, 125, 133, 142, 151, 165, 178, 184, 189, 200, 202, 206, 207, 209, 214, 219, 228], "summary": {"covered_lines": 49, "num_statements": 116, "percent_covered": 42.241379310344826, "percent_covered_display": "42", "missing_lines": 67, "excluded_lines": 0}, "missing_lines": [31, 32, 72, 73, 74, 75, 76, 77, 78, 79, 81, 87, 88, 89, 90, 91, 92, 93, 94, 95, 96, 98, 100, 106, 111, 112, 113, 114, 119, 120, 121, 122, 127, 128, 129, 130, 135, 136, 137, 138, 139, 144, 145, 146, 147, 148, 153, 167, 180, 181, 186, 191, 192, 193, 194, 195, 196, 210, 211, 212, 215, 216, 217, 220, 221, 222, 224], "excluded_lines": []}, "src/utils/config_helpers.py": {"executed_lines": [], "summary": {"covered_lines": 0, "num_statements": 169, "percent_covered": 0.0, "percent_covered_display": "0", "missing_lines": 169, "excluded_lines": 0}, "missing_lines": [3, 8, 9, 10, 11, 13, 15, 18, 21, 23, 25, 26, 27, 29, 30, 31, 33, 34, 35, 36, 37, 39, 41, 42, 44, 45, 46, 49, 50, 51, 53, 55, 56, 57, 58, 60, 61, 62, 64, 66, 68, 70, 71, 72, 74, 76, 78, 79, 81, 82, 83, 85, 86, 87, 89, 91, 92, 94, 95, 96, 97, 98, 99, 101, 103, 104, 106, 108, 109, 110, 111, 114, 116, 117, 119, 121, 122, 123, 125, 127, 128, 130, 131, 133, 135, 136, 137, 139, 141, 142, 144, 145, 147, 148, 149, 151, 152, 154, 156, 158, 160, 162, 164, 166, 167, 169, 171, 172, 175, 176, 178, 179, 181, 183, 184, 186, 188, 190, 197, 199, 200, 201, 203, 206, 208, 210, 211, 213, 216, 218, 221, 223, 224, 225, 226, 229, 230, 231, 233, 234, 235, 237, 240, 242, 244, 245, 246, 248, 249, 250, 252, 254, 255, 256, 258, 259, 260, 261, 263, 264, 267, 269, 271, 272, 273, 275, 279, 280, 281], "excluded_lines": []}, "src/utils/data_transformer.py": {"executed_lines": [], "summary": {"covered_lines": 0, "num_statements": 31, "percent_covered": 0.0, "percent_covered_display": "0", "missing_lines": 31, "excluded_lines": 0}, "missing_lines": [3, 8, 9, 10, 11, 14, 17, 18, 25, 36, 37, 39, 41, 42, 45, 56, 58, 61, 63, 64, 73, 75, 78, 79, 81, 86, 87, 88, 90, 92, 95], "excluded_lines": []}, "src/utils/diagnostic.py": {"executed_lines": [], "summary": {"covered_lines": 0, "num_statements": 197, "percent_covered": 0.0, "percent_covered_display": "0", "missing_lines": 197, "excluded_lines": 0}, "missing_lines": [6, 7, 8, 9, 10, 11, 12, 14, 16, 19, 22, 23, 24, 26, 28, 30, 43, 46, 48, 50, 52, 53, 68, 69, 70, 72, 74, 82, 83, 84, 85, 86, 87, 88, 91, 92, 93, 94, 95, 96, 97, 99, 101, 103, 110, 111, 112, 113, 114, 115, 116, 117, 119, 121, 123, 132, 133, 134, 135, 143, 145, 147, 149, 156, 158, 159, 160, 161, 163, 164, 165, 166, 169, 170, 171, 172, 173, 176, 177, 178, 179, 188, 189, 190, 191, 192, 194, 196, 198, 201, 212, 213, 214, 215, 216, 217, 219, 221, 223, 225, 226, 227, 228, 229, 230, 238, 239, 240, 241, 242, 243, 244, 246, 248, 250, 253, 254, 264, 265, 266, 275, 276, 286, 287, 288, 298, 299, 300, 301, 311, 312, 313, 321, 322, 331, 333, 335, 336, 337, 338, 339, 340, 341, 342, 343, 344, 345, 346, 347, 348, 350, 352, 353, 354, 360, 361, 363, 365, 366, 367, 368, 369, 370, 371, 372, 374, 376, 377, 378, 380, 381, 382, 383, 384, 391, 393, 394, 395, 397, 399, 401, 402, 403, 404, 405, 407, 409, 410, 412, 413, 415, 416, 418, 422, 423, 424, 425], "excluded_lines": []}, "src/utils/enhanced_security.py": {"executed_lines": [], "summary": {"covered_lines": 0, "num_statements": 224, "percent_covered": 0.0, "percent_covered_display": "0", "missing_lines": 224, "excluded_lines": 0}, "missing_lines": [12, 13, 14, 15, 16, 17, 19, 21, 23, 26, 30, 32, 33, 51, 52, 53, 55, 56, 58, 70, 71, 73, 75, 76, 78, 80, 81, 83, 84, 86, 87, 90, 91, 94, 97, 98, 104, 106, 107, 117, 118, 120, 122, 124, 137, 139, 140, 141, 143, 144, 145, 148, 149, 152, 153, 154, 155, 157, 159, 160, 162, 163, 164, 165, 167, 170, 171, 177, 178, 181, 182, 185, 186, 187, 189, 190, 191, 193, 194, 196, 199, 200, 201, 204, 205, 206, 209, 210, 211, 214, 215, 216, 218, 220, 221, 232, 234, 236, 238, 239, 240, 242, 243, 244, 246, 248, 249, 250, 252, 253, 255, 256, 258, 259, 260, 261, 263, 264, 274, 275, 276, 279, 280, 281, 282, 285, 292, 295, 296, 298, 299, 317, 320, 321, 322, 323, 325, 328, 329, 331, 332, 337, 339, 341, 342, 343, 346, 347, 349, 350, 352, 353, 354, 355, 356, 360, 369, 370, 371, 373, 374, 375, 386, 387, 388, 393, 394, 395, 396, 402, 403, 404, 410, 411, 412, 413, 416, 427, 428, 430, 432, 435, 438, 439, 440, 441, 442, 448, 449, 450, 451, 456, 458, 461, 479, 480, 481, 482, 485, 486, 487, 488, 499, 500, 501, 502, 508, 509, 510, 511, 516, 517, 518, 519, 530, 531, 541, 542, 543, 544, 554, 556, 558, 560], "excluded_lines": []}, "src/utils/exception_handlers.py": {"executed_lines": [1, 8, 9, 10, 12, 13, 17, 32, 33, 36, 37, 40, 41, 44, 45, 48, 49, 53, 68, 69, 71, 72, 74, 106, 121, 137, 151, 169, 185, 188, 204, 219, 234, 249, 277, 288, 303], "summary": {"covered_lines": 30, "num_statements": 178, "percent_covered": 16.853932584269664, "percent_covered_display": "17", "missing_lines": 148, "excluded_lines": 0}, "missing_lines": [19, 76, 77, 80, 81, 82, 83, 84, 85, 86, 88, 94, 95, 97, 98, 100, 101, 104, 108, 109, 123, 124, 125, 126, 127, 128, 129, 130, 132, 134, 135, 139, 140, 141, 142, 143, 144, 146, 148, 149, 153, 154, 155, 156, 157, 158, 159, 160, 161, 163, 164, 166, 167, 172, 173, 176, 177, 179, 181, 191, 192, 193, 194, 195, 196, 197, 199, 201, 207, 208, 209, 210, 211, 212, 213, 214, 216, 222, 223, 224, 225, 226, 227, 228, 229, 231, 237, 238, 239, 240, 241, 242, 243, 244, 246, 252, 253, 254, 255, 256, 257, 262, 263, 264, 265, 266, 267, 268, 269, 270, 272, 274, 279, 280, 281, 282, 283, 284, 285, 290, 292, 293, 294, 295, 296, 297, 299, 306, 307, 308, 310, 311, 312, 314, 315, 316, 318, 319, 320, 322, 323, 324, 326, 327, 328, 330, 331, 332], "excluded_lines": []}, "src/utils/integration_test_framework.py": {"executed_lines": [3, 8, 9, 10, 11, 12, 13, 14, 15, 16, 17, 20, 22, 25, 26, 27, 29, 30, 31, 32, 33, 36, 37, 39, 40, 41, 42, 43, 45, 48, 49, 84, 86, 88, 93, 98, 105, 112, 113, 150, 151, 172, 212, 215], "summary": {"covered_lines": 42, "num_statements": 151, "percent_covered": 27.814569536423843, "percent_covered_display": "28", "missing_lines": 109, "excluded_lines": 6}, "missing_lines": [50, 51, 53, 54, 55, 56, 58, 66, 67, 69, 70, 71, 73, 74, 75, 76, 79, 80, 82, 90, 95, 100, 102, 107, 109, 116, 125, 126, 129, 130, 131, 132, 134, 135, 136, 138, 139, 140, 144, 145, 146, 148, 154, 155, 156, 157, 159, 160, 162, 163, 164, 165, 167, 168, 169, 170, 174, 175, 177, 181, 184, 185, 186, 187, 188, 189, 190, 192, 193, 195, 196, 197, 198, 199, 201, 221, 223, 224, 227, 228, 229, 231, 236, 237, 239, 241, 242, 244, 245, 247, 254, 256, 258, 259, 261, 263, 264, 265, 272, 273, 275, 278, 280, 281, 282, 283, 285, 286, 287], "excluded_lines": [91, 96, 101, 103, 108, 110]}, "src/utils/mock_server.py": {"executed_lines": [], "summary": {"covered_lines": 0, "num_statements": 93, "percent_covered": 0.0, "percent_covered_display": "0", "missing_lines": 93, "excluded_lines": 0}, "missing_lines": [2, 6, 7, 8, 9, 11, 13, 15, 18, 27, 30, 59, 62, 63, 64, 78, 110, 113, 122, 125, 126, 142, 145, 147, 148, 150, 151, 152, 170, 171, 173, 176, 177, 179, 180, 181, 190, 194, 195, 197, 198, 200, 201, 203, 204, 215, 216, 228, 237, 238, 240, 242, 243, 245, 246, 258, 267, 268, 270, 288, 289, 291, 292, 294, 295, 296, 297, 298, 300, 304, 305, 307, 308, 309, 317, 321, 322, 324, 341, 342, 344, 345, 348, 349, 350, 351, 352, 353, 355, 380, 381, 382, 384], "excluded_lines": []}, "src/utils/performance_optimizer.py": {"executed_lines": [2, 7, 8, 9, 10, 11, 12, 13, 14, 15, 16, 17, 19, 22, 23, 24, 26, 27, 28, 29, 30, 31, 32, 33, 36, 37, 39, 46, 59, 71, 76, 83, 98, 99, 101, 102, 103, 104, 106, 109, 110, 134, 136, 149, 182, 204, 227, 228, 230, 235, 265, 279, 280, 282, 283, 304, 305, 324, 325, 340, 344, 346, 349, 380, 383, 384, 394, 398, 400, 401, 405, 406, 408, 409, 412, 414, 417, 424, 428, 429], "summary": {"covered_lines": 75, "num_statements": 234, "percent_covered": 32.05128205128205, "percent_covered_display": "32", "missing_lines": 159, "excluded_lines": 0}, "missing_lines": [40, 41, 42, 43, 44, 48, 49, 51, 52, 53, 54, 56, 57, 61, 62, 64, 65, 67, 69, 73, 74, 78, 79, 80, 81, 85, 86, 87, 89, 111, 112, 114, 115, 116, 117, 118, 119, 121, 122, 124, 125, 127, 129, 130, 132, 138, 139, 141, 143, 144, 145, 147, 151, 152, 155, 156, 157, 158, 159, 160, 162, 163, 165, 176, 179, 180, 184, 185, 187, 188, 189, 191, 192, 202, 206, 208, 209, 210, 211, 213, 214, 215, 224, 231, 232, 233, 242, 243, 244, 247, 249, 251, 252, 257, 258, 260, 261, 263, 267, 268, 269, 272, 273, 274, 275, 276, 286, 287, 288, 289, 291, 292, 295, 296, 298, 299, 301, 302, 307, 309, 310, 312, 313, 314, 316, 317, 318, 320, 322, 327, 329, 330, 331, 332, 334, 336, 352, 353, 355, 356, 358, 361, 362, 363, 366, 367, 369, 372, 373, 375, 377, 385, 386, 387, 389, 390, 392, 403, 404], "excluded_lines": []}, "src/utils/redis_cache.py": {"executed_lines": [3, 8, 9, 10, 12, 14, 17, 18, 20, 21, 22, 24, 28, 32, 36, 40, 47, 64, 67, 111, 118, 124], "summary": {"covered_lines": 21, "num_statements": 55, "percent_covered": 38.18181818181818, "percent_covered_display": "38", "missing_lines": 34, "excluded_lines": 0}, "missing_lines": [26, 30, 34, 38, 43, 44, 45, 49, 52, 75, 76, 77, 79, 80, 83, 86, 87, 88, 89, 92, 93, 96, 98, 101, 102, 103, 105, 106, 108, 113, 114, 115, 120, 126], "excluded_lines": []}, "src/utils/route_helpers.py": {"executed_lines": [3, 8, 9, 10, 11, 13, 15, 16, 18, 21, 40, 68, 89, 116, 144, 156, 173, 203, 212, 227], "summary": {"covered_lines": 20, "num_statements": 111, "percent_covered": 18.01801801801802, "percent_covered_display": "18", "missing_lines": 91, "excluded_lines": 0}, "missing_lines": [23, 28, 29, 31, 32, 34, 35, 37, 43, 44, 45, 46, 47, 48, 49, 50, 51, 52, 57, 58, 59, 65, 71, 72, 73, 74, 80, 81, 82, 84, 86, 92, 93, 94, 95, 97, 98, 100, 102, 103, 109, 111, 113, 123, 125, 126, 132, 135, 137, 139, 141, 146, 147, 150, 151, 153, 158, 160, 175, 177, 179, 180, 181, 183, 184, 185, 186, 189, 190, 191, 194, 197, 199, 200, 205, 206, 207, 208, 209, 214, 215, 218, 221, 222, 224, 229, 237, 238, 240, 241, 243], "excluded_lines": []}, "src/utils/security.py": {"executed_lines": [1, 5, 6, 7, 8, 9, 10, 11, 12, 14, 16, 17, 20, 48, 55, 58, 59, 94, 97, 104, 109, 158, 185, 186, 188, 189, 196, 197, 205, 206, 216, 217, 222, 223, 242, 245, 246, 247, 287, 289, 292, 293, 295, 296, 297, 299, 332, 350, 353, 355, 357, 360, 361, 362, 383, 385, 388, 403, 408, 413, 421], "summary": {"covered_lines": 58, "num_statements": 207, "percent_covered": 28.019323671497585, "percent_covered_display": "28", "missing_lines": 149, "excluded_lines": 0}, "missing_lines": [50, 51, 52, 60, 62, 64, 65, 66, 71, 72, 73, 74, 85, 88, 89, 90, 92, 99, 100, 101, 106, 111, 113, 114, 115, 117, 118, 120, 121, 122, 124, 125, 130, 131, 133, 134, 136, 137, 138, 139, 140, 143, 144, 147, 148, 149, 151, 153, 154, 155, 161, 162, 163, 164, 165, 170, 171, 172, 173, 179, 180, 182, 191, 194, 199, 200, 201, 202, 203, 208, 209, 211, 214, 219, 220, 225, 226, 229, 232, 233, 234, 235, 236, 239, 248, 251, 252, 253, 254, 266, 267, 268, 269, 270, 271, 273, 274, 285, 301, 302, 303, 304, 305, 308, 309, 310, 312, 315, 316, 319, 320, 323, 325, 326, 329, 330, 334, 335, 338, 339, 340, 341, 344, 345, 346, 356, 358, 364, 365, 366, 368, 370, 371, 381, 391, 393, 395, 397, 398, 399, 405, 410, 415, 424, 425, 426, 427, 429, 430], "excluded_lines": []}, "src/utils/security_fixes.py": {"executed_lines": [], "summary": {"covered_lines": 0, "num_statements": 134, "percent_covered": 0.0, "percent_covered_display": "0", "missing_lines": 134, "excluded_lines": 0}, "missing_lines": [2, 7, 8, 9, 12, 15, 16, 17, 19, 21, 24, 33, 42, 51, 54, 55, 56, 57, 58, 59, 61, 63, 65, 74, 75, 76, 77, 79, 81, 83, 86, 97, 98, 99, 100, 101, 102, 104, 106, 108, 111, 131, 132, 133, 134, 135, 136, 138, 140, 142, 145, 156, 157, 158, 159, 160, 161, 163, 165, 167, 168, 169, 171, 173, 174, 177, 178, 179, 180, 182, 183, 185, 187, 189, 190, 191, 193, 194, 195, 198, 200, 201, 204, 205, 206, 207, 208, 209, 214, 215, 216, 217, 219, 221, 223, 224, 225, 226, 228, 229, 231, 233, 235, 243, 246, 249, 372, 373, 375, 376, 377, 378, 379, 380, 381, 382, 384, 386, 388, 389, 390, 391, 392, 393, 395, 396, 397, 398, 399, 401, 402, 403, 404, 405], "excluded_lines": []}, "src/utils/security_scanner.py": {"executed_lines": [], "summary": {"covered_lines": 0, "num_statements": 134, "percent_covered": 0.0, "percent_covered_display": "0", "missing_lines": 134, "excluded_lines": 0}, "missing_lines": [2, 7, 8, 9, 10, 11, 12, 13, 15, 18, 19, 22, 23, 24, 25, 26, 27, 28, 29, 32, 35, 37, 118, 125, 127, 129, 131, 133, 135, 136, 137, 140, 141, 143, 145, 147, 149, 151, 152, 153, 154, 157, 158, 159, 161, 162, 166, 167, 168, 169, 171, 182, 183, 185, 186, 188, 190, 192, 195, 213, 214, 215, 216, 217, 218, 220, 221, 224, 225, 226, 236, 238, 239, 241, 243, 246, 247, 249, 250, 251, 252, 253, 256, 263, 264, 265, 266, 267, 268, 269, 270, 272, 274, 297, 298, 299, 301, 303, 305, 317, 319, 320, 321, 323, 324, 326, 327, 329, 332, 334, 336, 339, 342, 343, 344, 345, 346, 347, 348, 351, 353, 355, 359, 360, 362, 363, 364, 365, 367, 369, 370, 372, 374, 375], "excluded_lines": []}, "src/utils/troubleshooting_loop.py": {"executed_lines": [], "summary": {"covered_lines": 0, "num_statements": 214, "percent_covered": 0.0, "percent_covered_display": "0", "missing_lines": 214, "excluded_lines": 0}, "missing_lines": [2, 7, 8, 9, 10, 11, 12, 13, 14, 16, 17, 19, 24, 27, 28, 29, 30, 31, 32, 33, 36, 37, 39, 40, 41, 42, 43, 48, 49, 50, 65, 75, 77, 80, 86, 87, 90, 91, 93, 95, 97, 98, 139, 141, 142, 149, 151, 154, 155, 159, 160, 161, 162, 165, 166, 170, 171, 172, 173, 176, 177, 180, 181, 182, 183, 184, 185, 188, 189, 192, 193, 195, 197, 199, 200, 203, 204, 206, 207, 208, 211, 212, 215, 216, 217, 218, 219, 220, 221, 222, 225, 226, 227, 228, 229, 230, 231, 232, 234, 235, 236, 237, 238, 239, 242, 244, 246, 248, 249, 252, 253, 254, 255, 256, 258, 260, 262, 263, 266, 267, 268, 269, 270, 272, 274, 276, 277, 279, 280, 281, 283, 284, 285, 288, 291, 293, 294, 295, 296, 298, 300, 302, 304, 305, 308, 310, 311, 312, 313, 315, 317, 319, 320, 322, 323, 325, 326, 327, 328, 330, 332, 334, 335, 336, 338, 339, 340, 343, 344, 345, 347, 348, 349, 351, 352, 353, 354, 356, 358, 359, 360, 362, 363, 364, 365, 367, 368, 374, 375, 377, 378, 379, 380, 382, 384, 385, 388, 389, 390, 392, 395, 398, 399, 402, 403, 405, 406, 408, 410, 411, 414, 417, 419, 420], "excluded_lines": []}, "src/utils/unified_cache_manager.py": {"executed_lines": [3, 8, 9, 10, 11, 12, 13, 14, 15, 16, 18, 20, 23, 24, 26, 30, 34, 38, 42, 47, 48, 50, 51, 52, 53, 54, 56, 57, 58, 62, 68, 69, 71, 72, 74, 80, 81, 82, 86, 88, 96, 102, 116, 117, 119, 120, 121, 123, 124, 126, 136, 137, 138, 146, 159, 173, 183, 193, 204, 205, 207, 208, 209, 212, 213, 214, 215, 217, 219, 222, 238, 239, 247, 249, 252, 253, 259, 260, 261, 264, 265, 266, 267, 269, 272, 294, 312, 327, 339, 350, 352, 353, 355, 362, 371, 374, 377, 378, 379, 382, 385, 386, 387, 404, 406, 409, 421], "summary": {"covered_lines": 103, "num_statements": 252, "percent_covered": 40.87301587301587, "percent_covered_display": "41", "missing_lines": 149, "excluded_lines": 5}, "missing_lines": [59, 63, 64, 65, 75, 76, 77, 78, 83, 84, 89, 90, 91, 92, 93, 94, 97, 98, 99, 100, 103, 104, 105, 108, 109, 110, 111, 113, 140, 141, 142, 143, 144, 147, 148, 150, 151, 152, 153, 154, 155, 156, 157, 160, 161, 163, 164, 165, 166, 168, 169, 170, 171, 174, 175, 177, 178, 179, 180, 181, 184, 185, 187, 188, 189, 190, 191, 194, 195, 197, 198, 199, 200, 201, 240, 241, 242, 243, 244, 245, 270, 274, 275, 276, 277, 278, 281, 282, 283, 284, 285, 287, 288, 289, 291, 292, 296, 297, 299, 300, 301, 302, 303, 304, 305, 307, 308, 310, 314, 315, 316, 317, 318, 319, 320, 322, 323, 325, 329, 330, 331, 332, 333, 334, 335, 337, 341, 342, 343, 344, 345, 346, 348, 364, 365, 366, 367, 388, 391, 394, 395, 396, 399, 400, 402, 411, 412, 415, 417], "excluded_lines": [28, 32, 36, 40, 44]}, "src/utils/unified_logger.py": {"executed_lines": [2, 7, 8, 9, 10, 11, 12, 13, 14, 15, 16, 18, 21, 22, 25, 36, 37, 68, 69, 71, 73, 75, 76, 79, 80, 97, 98, 100, 101, 102, 103, 105, 107, 109, 112, 114, 119, 120, 122, 125, 129, 130, 133, 134, 135, 136, 139, 140, 141, 147, 148, 149, 152, 153, 160, 161, 163, 166, 167, 170, 171, 174, 175, 176, 177, 180, 181, 182, 188, 189, 190, 193, 194, 200, 201, 202, 205, 206, 212, 213, 214, 217, 218, 224, 225, 226, 229, 235, 236, 243, 244, 246, 290, 291, 293, 295, 306, 312, 317, 324, 327, 331, 332, 334, 335, 337, 338, 339, 341, 342, 344, 352, 353, 354, 356, 396, 397, 399, 415, 418, 421, 422, 423, 424, 427, 430, 431, 432, 433, 434, 436, 438, 439, 441, 443, 445, 453, 465, 480, 502, 524, 529, 550, 589, 606, 608, 611, 613, 616, 622], "summary": {"covered_lines": 141, "num_statements": 279, "percent_covered": 50.53763440860215, "percent_covered_display": "51", "missing_lines": 138, "excluded_lines": 1}, "missing_lines": [39, 40, 42, 45, 46, 47, 48, 49, 50, 51, 52, 53, 54, 55, 56, 57, 58, 60, 61, 62, 63, 65, 81, 83, 84, 86, 87, 90, 91, 93, 108, 110, 126, 155, 157, 238, 240, 249, 250, 252, 263, 264, 267, 268, 271, 272, 273, 275, 283, 285, 287, 307, 314, 325, 358, 359, 361, 362, 363, 364, 365, 366, 367, 368, 369, 370, 371, 372, 374, 375, 377, 380, 381, 382, 383, 385, 387, 389, 392, 447, 448, 449, 450, 455, 463, 467, 475, 476, 478, 488, 497, 498, 500, 510, 519, 520, 522, 526, 527, 531, 547, 548, 552, 553, 555, 557, 558, 560, 562, 563, 564, 565, 568, 569, 570, 571, 572, 573, 576, 578, 579, 580, 581, 583, 584, 585, 586, 587, 591, 592, 594, 595, 597, 598, 599, 600, 602, 618], "excluded_lines": [116]}, "src/web_app.py": {"executed_lines": [2, 7, 8, 9, 11, 13, 14, 15, 16, 17, 18, 19, 22, 28, 29, 30, 31, 32, 35, 37, 46, 51, 54, 56, 57, 61, 62, 63, 64, 65, 68, 70, 73, 74, 84, 87, 88, 89, 90, 93, 94, 97, 100, 101, 103, 105, 106, 107, 113, 114, 118, 119, 132, 133, 136, 137, 140, 141, 146, 147, 148, 149, 150, 153, 154, 155, 160, 161, 162, 167, 168, 169, 174, 175, 176, 177, 189, 190, 191, 192, 219, 220, 221, 222, 245, 246, 247, 248, 263, 266, 306, 308], "summary": {"covered_lines": 92, "num_statements": 169, "percent_covered": 54.437869822485204, "percent_covered_display": "54", "missing_lines": 77, "excluded_lines": 0}, "missing_lines": [38, 39, 41, 42, 43, 44, 58, 60, 75, 76, 79, 81, 82, 108, 109, 110, 115, 121, 123, 134, 138, 142, 143, 156, 157, 163, 164, 170, 171, 179, 180, 182, 183, 184, 185, 186, 194, 195, 197, 198, 199, 207, 214, 216, 217, 224, 225, 228, 240, 242, 243, 250, 251, 259, 260, 261, 268, 271, 272, 273, 274, 281, 282, 283, 284, 287, 288, 290, 291, 292, 294, 295, 296, 299, 300, 302, 309], "excluded_lines": []}}, "totals": {"covered_lines": 3127, "num_statements": 22446, "percent_covered": 13.931212688229529, "percent_covered_display": "14", "missing_lines": 19319, "excluded_lines": 15}}